3 29 9 12 24 26 31 40 4 5 13 18 25 37 41 46 14 44 10 15 17 2 8 21 30 34 6 39 20 1 7 33 35 36 45 19 23 27 11 28 16 43 42 32 22 38 
1 
35 15 16 36 39 12 18 21 17 22 4 11 14 33 1 9 10 37 23 13 24 3 8 25 26 19 27 30 32 6 2 7 20 34 29 28 5 40 31 38 
18 34 3 21 20 23 24 6 30 1 10 17 9 32 12 15 25 14 27 29 11 35 5 2 16 22 26 31 7 33 4 19 28 13 8 
19 39 5 9 33 26 20 27 8 40 28 15 35 14 6 12 24 4 36 1 30 37 38 3 7 10 29 32 34 18 23 13 31 16 21 11 17 2 22 25 
25 32 42 6 22 28 12 31 11 21 26 30 20 35 2 3 33 7 13 15 4 5 29 18 8 17 38 40 41 36 34 24 23 14 43 19 1 16 10 9 37 27 39 
2 8 11 13 14 15 1 16 3 10 7 6 4 5 9 12 
7 22 2 4 15 12 25 5 14 26 3 9 6 16 10 17 13 21 1 24 20 18 23 11 8 19 
1 
5 3 11 22 38 16 6 9 18 27 17 2 39 40 19 31 21 12 35 25 29 34 36 7 37 33 10 13 26 23 14 1 4 8 15 24 20 30 32 28 
1 2 10 20 18 22 5 16 4 9 15 19 6 21 7 17 3 14 11 8 12 13 
2 8 10 11 7 5 12 3 1 14 6 4 9 13 
2 19 24 12 13 29 30 27 32 33 41 16 17 26 23 35 20 15 14 25 4 39 22 9 8 31 1 42 37 28 5 10 11 21 3 18 34 38 6 40 7 36 
27 33 18 38 14 34 25 37 32 46 30 8 24 7 45 13 1 10 19 11 26 40 6 20 22 12 2 31 36 35 44 9 21 28 16 39 17 43 5 4 15 29 23 41 3 42 
5 10 23 27 41 3 15 18 14 26 1 30 4 8 20 16 29 38 21 2 12 7 32 11 17 35 6 37 33 34 43 31 28 19 36 13 25 24 9 39 22 42 40 
4 2 5 6 7 8 3 1 
12 45 30 33 8 39 21 24 2 6 29 31 41 23 27 34 15 17 36 3 20 18 19 37 16 28 38 7 5 26 14 13 44 1 10 35 46 22 11 32 4 43 9 40 42 25 
3 9 19 11 16 18 2 1 6 4 5 8 13 14 12 10 15 17 7 
1 17 21 24 31 2 19 13 20 16 28 15 29 11 6 10 18 22 27 9 32 7 26 30 4 25 12 14 23 3 5 8 
1 12 14 5 9 3 6 8 7 10 4 13 11 2 
8 20 24 23 13 4 25 1 5 7 2 6 17 22 26 18 16 10 9 15 14 19 11 21 3 12 
18 27 30 29 31 12 34 23 26 16 36 37 13 17 6 44 24 35 39 42 33 47 3 19 43 15 1 10 25 32 41 4 11 9 14 7 38 40 2 20 28 45 8 22 5 46 21 
7 15 17 12 3 14 25 28 22 1 5 4 27 19 9 20 2 6 18 11 16 13 21 24 10 8 26 23 
3 14 22 16 23 26 21 18 15 25 20 11 9 17 4 19 2 10 5 6 12 24 1 7 8 13 
9 19 23 7 8 16 14 5 27 3 12 29 24 2 10 6 25 20 4 28 13 1 21 26 15 22 18 17 30 31 11 
1 
1 4 3 2 5 6 
27 28 35 11 14 10 15 33 8 36 3 20 42 12 19 25 32 37 4 16 17 22 39 43 1 31 9 41 29 34 38 23 18 30 26 13 6 40 7 21 2 5 24 
14 15 40 4 12 17 8 32 29 1 10 31 46 47 48 13 18 22 34 5 11 23 27 45 24 35 39 41 42 25 9 28 43 44 49 36 21 50 30 3 6 16 20 37 33 38 26 7 2 19 
2 3 9 5 1 6 7 4 8 
10 20 14 28 4 21 25 2 29 18 38 3 7 17 19 1 16 24 35 33 36 22 27 9 30 8 12 31 23 32 26 34 11 37 15 13 39 6 5 
4 10 16 13 3 22 19 20 23 9 14 6 7 11 1 12 15 5 21 2 17 8 18 
2 3 6 5 7 4 8 9 1 
22 36 9 20 39 27 35 37 10 13 18 26 43 6 19 3 14 25 38 2 12 16 31 24 32 30 7 1 4 21 8 15 29 28 11 23 41 5 33 17 40 42 34 44 
7 20 34 10 4 23 8 2 3 12 31 32 37 39 21 41 9 24 16 33 1 35 40 19 43 17 27 13 15 30 5 14 28 25 29 18 22 26 38 11 42 6 36 
15 23 21 24 6 16 2 35 34 29 25 3 10 14 8 27 1 28 30 39 31 7 11 20 4 26 38 13 9 19 17 36 5 12 18 32 22 37 33 
26 21 27 37 48 3 12 19 41 40 7 16 24 33 38 46 8 11 18 6 23 29 20 13 22 31 43 15 35 36 30 5 1 9 44 45 47 25 10 14 39 42 4 28 2 17 32 34 
35 28 36 41 7 30 3 37 21 17 39 22 12 19 20 29 14 34 32 16 26 38 8 5 4 9 11 1 25 18 33 13 31 10 6 2 15 24 27 40 23 
6 9 5 7 4 3 1 2 8 
6 5 7 9 2 1 4 8 3 10 
14 16 18 1 2 6 5 10 8 11 7 3 15 12 17 4 13 9 
2 4 5 6 7 8 1 3 
25 6 7 17 12 4 9 10 13 2 5 14 18 3 15 24 26 1 11 19 23 16 20 22 21 27 8 
4 1 3 5 2 6 
1 19 21 5 14 3 23 20 2 25 11 22 26 9 15 32 13 18 27 17 29 31 10 16 4 7 24 6 8 28 12 30 
1 
14 11 15 30 32 44 3 39 6 20 38 2 45 31 8 12 25 7 17 18 19 4 13 22 5 24 29 36 37 1 21 26 9 33 16 34 35 27 28 23 43 41 10 42 40 
7 1 6 5 8 3 2 4 
16 11 28 6 38 4 1 7 33 39 41 24 8 29 32 22 3 10 9 5 18 40 23 26 21 30 31 35 36 13 37 25 12 19 2 15 20 27 34 14 17 
3 6 5 8 4 1 2 7 
11 12 5 6 15 17 7 10 14 8 9 1 13 16 3 2 4 
14 6 13 9 18 8 2 16 11 10 12 15 19 4 20 1 7 17 3 5 
38 29 12 30 42 44 9 40 28 39 16 3 33 35 10 31 17 43 14 23 48 1 41 15 20 2 18 32 26 22 45 19 34 5 4 8 13 21 37 24 25 6 11 27 7 46 36 47 
18 31 44 20 21 6 22 32 10 1 16 11 24 30 36 34 41 4 7 26 29 39 42 15 2 14 35 43 37 45 46 9 12 33 13 38 47 19 25 3 27 5 23 40 17 28 8 
1 2 4 5 3 
8 17 10 9 6 11 4 5 3 7 1 13 12 15 16 14 2 
3 4 13 12 23 18 27 10 16 2 14 19 24 7 25 6 5 8 17 20 9 15 22 11 1 21 26 
