2 1 3 4 6 7 8 9 10 11 12 13 15 16 17 18 19 20 21 23 24 25 26 28 29 30 31 32 33 34 5 14 35 36 38 39 40 41 42 43 44 45 46 47 49 50 51 52 53 54 55 56 57 59 60 61 62 63 22 64 65 66 67 68 69 70 71 72 73 74 75 76 77 78 79 81 82 83 84 85 86 87 88 89 80 90 91 92 93 94 95 96 97 27 37 48 58 98 99 100

3 7 1 2 8 5 6 4

23 27 30 14 2 15 13 10 17 21 3 9 24 28 29 7 1 19 5 16 18 20 4 26 6 8 11 12 25 22

1 5 8 7 11 14 10 13 9 12 3 2 4 6

8 1 2 9 13 5 4 10 14 3 11 15 7 6 12

7 5 6 3 1 4 2

5 7 10 11 13 6 15 2 3 8 1 12 9 14 4

16 13 15 14 17 9 10 19 3 6 2 5 1 4 7 8 12 11 18

7 8 1 2 4 5 6 3

9 3 11 12 13 10 2 6 14 1 7 5 4 8

5 6 4 3 2 1

20 2 12 19 7 16 22 15 10 1 4 11 18 13 6 21 3 9 17 5 14 8

9 4 6 1 8 7 5 2 3

3 13 14 9 1 10 19 21 4 2 7 8 22 18 12 17 16 11 5 23 6 15 20

1 2 3 4

11 18 22 3 12 14 7 16 4 15 1 9 19 21 5 2 10 20 6 17 13 8

3 14 5 12 15 9 7 10 4 18 16 6 2 11 17 8 13 1

9 2 13 3 16 1 4 10 11 8 14 7 6 15 12 5

4 5 6 8 9 3 7 1 12 13 2 10 11 14

14 11 17 2 5 19 6 23 10 8 24 16 22 1 3 7 15 20 18 4 9 13 12 21

2 3 5 9 7 8 1 6 4 11 10

10 12 13 25 5 8 18 7 19 14 16 2 3 21 24 4 23 6 1 22 9 11 20 15 17

2 1

3 7 10 14 5 6 11 12 2 16 1 9 17 18 8 19 4 13 15

7 5 8 1 2 4 3 6

1 3 2

11 3 5 4 16 25 8 22 2 15 17 12 18 20 6 7 23 10 19 26 9 14 21 1 13 24

19 7 8 23 25 4 10 26 1 15 29 16 6 20 12 21 2 9 22 28 17 11 24 27 13 14 3 5 18

1 2 3

2 5 3 6 8 1 4 7

4 1 5 2 3 6 7

1

5 6 7 15 12 3 13 11 8 2 9 1 14 4 10

1 11 5 12 3 7 8 9 13 6 10 4 2

6 13 4 21 18 25 8 26 17 3 11 23 20 24 5 16 22 15 9 7 14 10 2 1 12 19

8 10 13 4 6 3 1 2 9 12 11 5 7

4 3 1 2

5 22 12 4 18 2 9 11 13 25 3 24 8 17 19 15 20 1 21 14 23 10 6 16 7

5 6 1 2 3 4

12 11 13 4 10 5 2 7 9 14 6 3 8 1 15 16

5 8 3 16 10 17 24 1 20 2 11 23 13 15 19 6 14 7 21 22 9 4 18 12

11 10 3 5 8 9 1 6 2 4 12 7

5 4 7 8 13 1 9 6 2 10 3 12 11

7 11 12 1 3 8 4 13 2 10 9 5 6

7 6 8 3 4 2 1 5

15 14 17 1 16 11 2 5 6 13 3 4 7 9 10 8 12

4 6 8 19 16 10 11 28 17 25 29 18 26 30 13 22 15 7 21 5 2 20 3 27 14 12 23 9 24 1

10 11 17 21 4 27 24 26 15 25 28 16 5 7 14 30 8 9 19 20 23 2 3 6 18 29 1 13 12 22

3 6 19 18 7 13 9 1 4 10 11 16 12 8 14 15 2 5 17

14 12 3 7 11 4 9 2 1 5 10 8 13 15 6

1 3 2

12 16 1 11 6 2 10 15 3 4 5 7 8 9 13 14

21 27 17 8 22 7 16 19 10 5 12 14 4 24 9 3 2 20 18 1 23 26 13 15 6 25 11

1 10 11 9 13 7 12 2 3 6 4 5 8

2 4 5 3 1

1 5 2 4 8 7 12 10 13 3 9 6 11

3 4 1 6 2 7 5

2 3 1 4

1 23 16 12 20 4 22 3 21 18 6 11 15 14 5 10 7 8 13 17 2 9 19

10 24 13 9 21 19 2 8 11 14 22 6 17 18 23 5 4 15 16 1 12 3 7 20

5 3 4 6 7 8 2 9 1

1 7 24 12 18 17 2 19 8 25 23 5 3 21 15 11 9 6 14 22 20 10 28 13 4 27 16 26