1 5 3 2 4

1 2

3 1 2

1 2 3 4 5 6 7 8 9 10 11 12 13 14 15 16 17 28 29 30 22 31 32 33 34 35 36 37 26 38 39 40 41 42 43 44 18 45 23 24 46 47 21 27 20 25 19

1 2 3 4 5 6 45 46 47 48 49 50 51 38 52 39 53 54 27 23 42 44 55 43 56 30 40 36 41 37 34 22 21 35 17 32 18 15 33 26 29 25 19 31 10 28 16 14 24 12 9 11 13 20 8 7

1 2 45 46 47 48 49 37 50 51 34 52 53 32 54 43 19 44 41 40 42 55 35 33 14 11 12 39 20 38 30 5 36 31 18 25 28 22 7 23 29 6 24 10 21 15 9 8 3 4 27 17 13 26 16

1 2 3 4 5 6 7 8 9 10 11 12 13 14 63 64 65 66 67 68 61 69 46 70 71 72 73 53 74 55 75 58 76 23 77 78 79 80 81 82 83 84 85 86 87 88 89 60 29 90 45 62 30 33 47 56 20 39 51 31 57 59 16 19 35 24 49 38 44 54 27 48 32 25 43 50 52 91 22 40 28 42 21 17 41 36 15 26 34 37 18

1 2 3 26 27 28 29 17 30 31 32 33 23 34 24 35 36 25 18 13 20 22 14 6 19 21 12 11 10 15 5 16 9 4 8 7

1 2 3 4 5 6 52 53 54 55 56 57 58 42 11 59 50 60 61 62 31 63 64 65 66 67 7 48 49 68 46 43 51 44 38 33 41 34 47 17 37 40 45 39 32 21 29 15 36 8 9 27 20 25 16 28 24 18 23 13 26 22 35 30 19 14 12 10

1 2 3 4 42 37 43 44 45 46 47 48 49 50 51 52 53 54 55 56 57 58 59 60 61 62 29 63 64 13 65 66 67 39 68 69 32 70 23 27 41 20 35 36 26 30 25 21 34 31 40 16 33 38 17 28 12 19 10 9 18 5 22 15 24 14 11 7 6 8

1 2 3 4 5 6 7 8 9 10 11 12 13 80 81 54 57 82 83 75 84 85 79 86 87 88 89 67 77 90 74 91 62 25 92 78 93 58 94 61 76 50 71 72 66 52 64 73 43 70 56 23 68 41 69 51 45 22 59 39 63 53 47 55 60 36 29 26 14 35 44 48 46 24 42 65 33 40 20 16 32 27 38 49 30 19 18 17 15 28 21 34 31 37

1 2 3 50 32 51 52 53 54 55 56 57 58 42 59 60 34 61 62 63 48 49 15 8 47 40 39 25 4 37 9 44 14 38 20 33 43 46 29 45 31 18 21 35 36 10 27 19 5 24 6 23 7 17 26 12 13 11 28 41 30 22 16

1 2 3 4 5 6 7 8 9 10 11 12 13 14 15 16 53 54 55 56 57 58 59 60 61 62 63 64 65 66 67 68 69 70 71 72 73 74 75 76 77 78 79 80 81 82 83 84 51 85 86 43 87 88 89 90 48 91 92 44 30 34 93 46 31 49 38 94 42 95 96 33 26 97 17 40 41 20 36 24 98 21 52 45 29 19 47 50 35 28 37 18 25 32 23 99 22 27 39

1 2 33 34 35 36 37 38 39 40 41 42 43 44 27 32 23 45 46 9 31 25 30 20 47 10 21 28 18 14 24 17 11 29 19 15 22 5 16 26 6 12 7 4 3 8 13

1 2 49 50 51 52 53 48 54 55 56 57 58 59 60 61 62 63 31 64 65 26 66 67 68 43 69 70 44 71 24 72 73 35 74 45 75 46 38 40 76 37 39 33 41 32 30 21 42 23 29 28 20 12 47 14 22 25 36 18 19 16 8 13 34 27 10 4 6 15 9 5 11 3 17 7

1 54 55 56 57 58 59 60 61 62 63 64 65 66 50 67 68 69 53 39 70 31 48 47 42 51 20 71 23 46 27 72 49 73 13 38 44 16 40 3 52 35 37 45 36 29 26 17 43 41 33 12 25 2 22 34 30 18 6 8 11 32 21 4 28 24 9 15 14 19 10 7 5

1 86 87 88 77 18 89 90 76 91 20 92 79 85 93 94 84 82 72 95 71 70 67 63 74 96 65 66 73 78 83 48 69 61 49 9 3 75 81 80 62 51 68 64 41 56 59 52 46 39 26 16 44 54 57 50 53 60 38 43 42 31 29 23 47 30 45 40 32 58 36 25 14 11 55 33 8 10 28 35 22 6 4 2 7 24 34 19 15 37 13 27 17 12 21 5

1 2 3 4 5 6 7 8 9 10 11 12 13 14 15 16 17 18 19 20 21 22 23 24 25 26 27 28 29 30 31 32 33 34 35 36 37 38 39 40 41 73 74 75 76 77 70 47 78 79 80 81 82 83 84 51 85 86 67 48 87 88 89 90 91 92 93 94 95 64 69 96 72 66 68 57 56 55 53 45 44 50 42 54 63 61 58 49 65 52 43 46 60 71 62 59

1 2 3 4 5 6 7 8 9 10 11 32 33 34 35 36 37 38 14 39 40 41 42 43 25 44 45 28 30 20 46 24 31 16 47 21 29 15 23 22 26 27 19 17 18 12 13

1 2 3 4 5 6 7 8 9 10 11 12 13 14 15 16 17 18 19 20 21 22 23 24 25 26 27 28 29 30 31 32 33 42 43 44 45 46 47 48 49 50 51 52 53 54 55 56 57 58 59 60 61 62 40 63 64 65 66 67 68 69 70 71 72 73 74 75 76 77 78 34 79 80 41 37 81 82 83 84 85 86 87 88 35 89 39 90 91 38 36 92

1 2 3 4 5 6 7 8 9 10 11 12 13 47 48 49 50 43 51 52 33 53 54 55 56 38 37 46 41 31 27 42 45 40 36 34 39 35 24 32 30 44 21 20 25 26 14 19 22 17 23 16 29 28 15 18

26 27 28 29 30 8 31 32 33 34 35 36 37 38 39 40 41 42 43 44 45 46 47 48 49 50 51 52 53 54 20 55 56 57 58 59 60 61 62 63 10 4 64 65 66 67 9 68 69 70 71 72 73 74 75 21 15 76 77 78 79 80 81 82 83 84 85 86 87 88 89 22 24 25 90 3 91 92 93 16 7 94 95 17 18 96 11 2 23 97 98 19 1 13 99 12 6 5 14

1 5 18 19 20 21 22 23 26 27 28 29 30 31 32 33 34 35 36 11 37 38 39 40 41 42 43 44 45 46 47 48 49 50 51 52 53 16 54 55 12 56 57 58 8 59 7 3 17 2 25 6 15 13 14 9 24 4 10

2 3 5 6 9 10 11 12 14 15 16 18 20 21 22 24 25 26 28 29 31 32 34 35 36 8 37 38 39 40 41 42 43 44 45 46 47 48 49 50 51 52 30 53 19 54 55 56 57 58 33 7 17 1 4 23 59 13 27

2 1 3

100 99 98 97 96 95 94 93 92 91 90 89 88 87 86 85 84 83 82 81 80 79 78 77 76 75 74 73 72 71 70 69 68 67 66 65 64 63 62 61 60 59 58 57 56 55 54 53 52 51 50 49 48 47 46 45 44 43 42 41 40 39 38 37 36 35 34 33 32 31 30 29 28 27 26 25 24 23 22 21 20 19 18 17 16 15 14 13 12 11 10 9 8 7 6 5 4 3 2 1

1 2 3 4 5 6 7 8 9 10 11 12 13 14 15 16 17 18 19 20 21 22 23 24 25 26 27 28 29 30 31 32 33 34 35 36 37 38 39 40 41 42 43 44 45 46 47 48 49 50 51 52 53 54 55 56 57 58 59 60 61 62 63 64 65 66 67 68 69 70 71 72 73 74 75 76 77 78 79 80 81 82 83 84 85 86 87 88 89 90 91 92 93 94 95 96 97 98 99 100

