1 5 3 2 4

1 10 11 12 2 6 3 7 13 8 9 4 5 14

1 6 7 8 9 10 11 2 12 3 13 14 15 16 17 5 18 19 20 21 22 23 24 25 26 27 28 29 30 31 32 33 34 4 35 36 37 38 39 40 41 42 43 44 45 46 47 48 49 50 51 52 53 54 55 56 57 58 59 60 61 62 63 64 65 66 67 68 69 70 71

1 3 4 5 6 7 8 9 10 11 12 13 14 15 16 17 2 18 19 20 21 22 23 24 25 26 27 28 29 30 31 32 33 34 35 36 37 38 39 40 41 42 43 44 45 46 47 48 49 50 51 52 53 54 55 56 57 58 59 60 61 62 63 64 65 66 67 68 69 70 71 72 73 74 75 76 77 78 79 80 81 82 83 84 85 86

1 2 3

1 2 7 8 9 3 5 10 11 12 4 6 13 14

1 4 5 6 7 3 2 8

1 2 3 4 5 6 7 8 9 10 11 12 13 14 15 16 17

1 5 6 7 8 9 10 11 2 3 12 13 4 14 15 16

1 2 3 4 8 9 7 10 12 6 5 11 13 14

1 2 15 16 17 18 19 20 10 12 21 22 5 23 24 25 3 11 4 26 27 28 14 7 9 29 13 8 6 30

1 18 19 20 21 22 23 24 25 26 27 28 29 30 31 32 33 2 14 34 17 35 36 37 38 39 40 41 42 43 44 45 46 47 5 48 7 49 50 51 52 3 53 54 6 4 15 55 56 8 9 10 12 13 11 16 57 58

1 14 18 20 21 6 22 23 24 25 26 27 28 3 29 30 31 32 33 34 35 36 37 38 15 39 40 41 42 43 44 45 46 47 48 49 19 50 51 52 53 54 55 5 56 57 58 59 8 60 61 62 63 64 65 66 67 4 2 68 9 16 69 70 71 72 73 10 74 11 7 17 12 75 13 76 77

1 5 2 6 3 4 7

1 5 6 7 8 9 10 11 2 3 12 13 14 15 16 17 4 18 19 20 21 22 23 24 25 26 27 28

1 8 4 9 10 11 12 13 14 15 5 16 2 17 18 3 6 7 19

1 10 3 11 2 5 9 4 12 13 14 15 16 17 6 7 8 18

1 2 3 4 5

1

1 10 3 5 2 7 4 8 6 9 11

1 16 17 18 19 20 21 6 22 23 24 25 26 27 28 3 29 30 31 32 33 34 35 36 37 38 15 39 40 41 42 43 44 45 46 47 14 48 49 50 51 52 53 54 55 5 56 57 58 59 8 60 61 62 63 64 65 66 67 4 2 12 68 9 69 70 71 72 73 10 74 11 7 75 13 76 77

1 17 18 19 20 2 4 21 22 23 24 25 26 3 16 10 11 6 15 7 8 12 5 9 14 13 27

1 19 20 21 22 23 24 25 26 27 8 28 29 13 30 31 32 9 33 34 35 36 3 17 37 2 6 38 39 40 7 41 4 42 43 5 44 45 46 15 47 14 16 10 11 12 48 18 49

1 13 14 15 5 16 17 18 19 20 21 22 23 24 25 26 27 28 29 4 30 31 11 2 32 33 34 35 3 7 6 8 9 12 36 10 37

1 11 4 12 13 5 7 2 6 14 15 16 3 17 18 19 20 21 8 10 22 9 23

1 4 2 3

1 3 4 5 2 6 7 8 9 10 11 12 13 14 15 16 17 18 19 20 21 22 23 24 25 26 27 28 29 30 31 32 33 34 35 36 37 38 39 40 41 42 43 44 45 46 47 48 49 50 51 52 53 54 55 56 57 58 59 60 61 62 63 64 65 66 67 68 69 70 71 72 73 74 75 76 77 78

1 12 13 14 15 16 17 18 19 5 20 21 22 7 23 24 2 25 26 27 28 29 30 31 32 33 34 35 36 37 38 39 40 6 41 42 43 44 45 10 9 46 47 48 3 8 4 11 49 50

1 8 9 10 11 12 13 14 15 16 17 18 19 20 21 22 23 24 25 26 27 28 29 30 31 32 33 34 35 36 37 38 39 40 41 42 43 44 45 5 46 47 48 49 50 51 52 53 54 55 56 4 57 58 59 60 2 61 62 63 64 7 65 66 67 68 69 70 6 71 72 73 74 75 76 77 78 79 80 81 3 82 83 84 85

1 2 17 3 18 19 20 21 10 12 22 23 24 25 26 27 28 29 4 30 31 11 6 32 33 34 35 8 5 14 13 7 9 15 16 36

1 15 16 17 18 19 2 20 13 6 21 22 3 23 7 24 25 4 26 27 11 12 14 9 5 8 28 10 29

1 2 6 7 8 9 10 11 12 13 14 15 16 17 18 19 20 21 22 23 24 25 26 27 28 29 30 31 32 33 34 35 36 37 38 39 40 41 42 43 44 45 46 5 47 48 49 50 51 52 53 54 55 56 57 58 59 60 61 62 3 63 4 64 65 66

1 9 10 11 12 13 14 15 16 17 18 19 20 21 22 23 24 25 26 27 28 29 30 31 32 33 34 2 5 35 36 37 38 39 40 41 42 43 44 4 3 45 46 47 48 49 7 50 51 52 53 54 6 8 55 56 57

1 5 6 7 8 9 10 11 12 13 14 15 16 17 18 19 20 21 22 23 24 2 25 26 27 28 29 30 31 32 33 34 35 36 37 38 39 40 41 42 43 44 45 46 47 48 49 50 51 4 52 53 54 55 56 57 58 59 60 61 3 62 63 64 65 66 67 68 69 70 71 72 73 74 75 76 77 78

1 2 5 3 10 11 6 9 8 7 4 12

1 7 8 9 10 11 12 13 14 15 16 17 18 19 20 21 22 23 24 25 26 27 4 28 29 30 31 2 5 6 32 33 34 3 35 36

1 15 16 11 3 8 17 14 9 10 2 4 5 6 7 12 13

1 2 3 4 5 6 7

1 6 7 2 8 9 10 11 12 13 3 4 14 15 16 17 18 5 19 20 21

1 16 17 18 19 20 21 22 2 23 24 25 26 27 28 29 10 30 31 32 33 34 35 36 37 38 6 39 40 41 42 43 44 45 11 14 46 5 13 47 48 49 50 7 8 4 15 3 9 12 51

1 2 3 4 5 6 7 8

1 8 9 10 11 12 3 13 14 2 4 6 7 15 16 5 17 18 19

1 7 8 9 10 3 5 6 2 4 11

1 5 6 7 8 9 10 2 4 11 12 13 14 15 16 17 3 18 19 20 21

1 15 16 17 18 19 20 21 22 23 24 25 26 27 28 29 30 31 32 33 34 35 6 36 14 12 37 38 39 40 41 42 43 44 45 46 2 47 48 49 50 51 3 11 52 53 54 55 56 57 58 13 9 5 4 7 59 60 61 62 8 10 63 64 65 66

1 14 15 16 17 2 5 11 4 18 19 20 21 22 9 13 23 24 25 26 27 28 29 12 30 31 32 33 10 34 35 36 3 6 7 8 37 38

1 4 12 13 14 15 8 3 9 2 10 7 5 6 11

1 5 3 6 7 8 2 9 10 11 12 13 14 15 16 4 17 18 19 20 21

1 4 5 6 7 8 9 10 2 3 11 12 13 14 15 16

1 2 6 4 5 7 8 3 9 10 11 12

1 9 10 11 12 2 13 14 15 16 17 18 19 20 21 22 23 24 25 26 27 28 29 30 31 32 33 34 35 36 37 4 38 39 40 41 42 43 44 45 46 47 48 49 50 51 52 53 54 55 8 56 57 58 59 60 61 62 63 5 64 65 66 7 67 68 69 6 70 3 71 72 73 74 75 76

1 2 8 7 3 4 6 5

1 17 18 19 20 21 5 10 22 23 24 25 26 27 28 29 30 31 32 33 34 35 36 37 38 39 40 41 42 43 44 45 4 8 9 46 11 47 48 16 12 3 2 6 13 7 14 15 49

1 12 14 3 15 16 17 18 19 2 20 21 22 23 8 4 24 25 26 27 28 29 30 31 32 6 11 33 34 35 36 37 38 10 39 40 13 41 9 42 5 7 43

1 13 3 9 12 7 14 15 16 6 10 11 2 5 4 8

1 10 11 12 13 14 15 16 17 18 19 20 21 22 23 24 4 25 26 27 28 29 2 30 31 32 33 34 35 36 7 9 3 37 38 8 6 5 39 40 41

1 10 11 12 2 6 3 7 13 8 9 4 5 14

1 2 3 4 5 6 7 8 9 10 11 12 13 14 15 16 17 18 19 20 21 22 23 24 25 26 27 28 29 30 31 32 33 34 35 36 37 38 39 40 41 42 43 44 45 46 47 48 49 50 51 52 53 54 55 56 57 58 59 60 61 62 63 64 65 66 67 68 69 70 71 72 73 74 75 76 77 78 79 80 81 82 83 84 85 86 87 88 89 90 91 92 93 94

1 92 91 90 89 88 87 86 85 84 83 82 81 80 79 78 77 76 75 74 73 72 71 70 69 68 67 66 65 64 63 62 61 60 59 58 57 56 55 54 53 52 51 50 49 48 47 46 45 44 43 42 41 40 39 38 37 36 35 34 33 32 31 30 29 28 27 26 25 24 23 22 21 20 19 18 17 16 15 14 13 12 11 10 9 8 7 6 5 4 3 2 93 94 95 96 97 98 99 100

1 33 34 35 36 37 38 63 64 65 66 67 68 69 70 71 72 73 74 75 76 20 77 78 79 80 81 82 83 84 85 86 87 88 41 89 90 91 92 12 46 58 93 94 95 56 10 29 59 26 60 52 25 47 55 61 53 51 43 62 48 57 44 42 22 50 28 54 8 40 19 27 24 23 16 96 15 5 49 45 2 32 9 30 7 31 13 6 14 17 21 3 39 18 11 4

1 2 3 4 5 6 7 8 9 10 11 12 13 14 15 16 17 18 19 20 21 22 23 24 25 26 27 28 29 30 31 32 33 34 35 36 37 38 39 40 41 42 43 44 45 46 47 48 49 50 51 52 53 54 55 56 57 58 59 60 61 62 63 64 65 66 67 68 69 70 71 72 73 74 75 76 77 78 79 80 81 82

1 2 3 4 5 6 7 8 9 10 11 12 13 14 15 16 17 18 19 20 21 22 23 24 25 26 27 28 29 30 31 32 33 34 35 36 37 38 39 40 41 42 43 44 45 46 47 48 49 50 51 52 53 54 55 56 57 58 59 60 61 62 63 64 65 66 67 68 69 70 71 72 73 74 75 76 77 78

1 48 49 50 12 45 51 52 64 65 23 66 67 41 60 68 69 70 71 72 73 74 75 61 18 36 76 59 77 53 47 57 63 9 58 33 39 46 56 32 55 62 27 16 25 14 40 43 28 24 26 42 30 37 4 19 35 31 3 29 44 22 38 34 8 15 5 20 17 13 7 54 10 11 6 21 2

1 66 67 50 68 69 59 70 71 72 73 74 45 46 75 76 77 78 37 79 80 81 82 83 84 85 55 86 87 41 64 88 60 89 47 63 57 58 90 43 23 39 56 33 52 34 65 44 51 29 28 42 61 11 30 32 5 35 91 62 38 13 31 15 2 14 54 25 16 18 48 53 7 4 40 12 24 26 6 20 36 3 10 21 27 9 19 17 8 49 22

1 11 12 13 14 15 16 17 18 19 20 21 22 2 7 8 6 3 23 24 9 10 4 5

