1 2 3 4 5 6 7 8 9 10 11 12 13 14 15 16 17 19 20 21 22 23 26 27 28 29 30 24 25 18 32 33 35 36 37 38 39 40 41 31 34 42 43 44 45 46 47

1 2 3 4 5 6 7 8 9 10 11 12 13 15 17 14 18 16 19 20 21

1 2 3 4 6 7 9 10 11 13 14 15 16 17 18 19 20 21 22 23 24 25 26 27 28 29 30 31 32 33 35 36 37 38 39 41 42 43 44 46 48 49 50 51 52 53 54 55 56 57 59 61 62 63 64 65 67 68 69 70 60 71 72 73 74 75 66 5 76 77 78 79 80 81 8 82 83 40 84 45 34 58 47 85 86 87 88 12 89 90 91

1 3 4 5 6 7 8 9 10 11 12 13 14 15 16 17 18 19 20 21 22 23 24 25 26 27 28 29 30 31 32 33 34 35 36 37 38 39 41 42 43 44 45 40 46 47 48 49 50 51 2 52 53 54 55 56 57 58 59 60 62 63 64 61 65 66 67

2 5 6 7 8 9 11 12 13 14 15 16 17 18 19 20 21 22 23 24 25 26 27 28 29 30 32 34 35 36 37 38 39 40 41 42 43 4 3 44 45 46 47 10 48 1 31 49 50 33 51 52 53

1 2 3 4 5 7 8 9 10 11 12 13 14 15 17 18 19 20 21 23 25 26 27 28 29 30 31 32 33 34 35 36 37 39 40 41 42 43 44 45 46 47 48 6 49 50 38 22 24 16 51 52

2 3 4 5 6 7 8 9 10 11 12 13 14 15 16 17 18 19 20 21 22 23 24 25 26 27 29 30 31 32 33 34 35 36 37 38 39 40 41 42 43 44 45 46 47 48 49 50 52 53 54 57 58 59 60 61 62 63 64 65 28 66 67 68 69 70 71 72 73 74 75 76 77 78 79 80 81 82 83 84 85 86 87 51 88 90 91 92 93 56 94 95 55 96 1 89 97

1 2 3 4 5 6 7 8 9 10 11 12 13 14 15 16 18 19 20 21 22 23 24 25 26 27 29 30 31 33 34 35 36 37 38 39 40 41 43 44 45 47 48 49 50 51 52 53 56 57 58 28 32 42 55 17 59 60 61 62 63 64 65 66 67 68 69 46 71 72 73 74 54 70 75

1 2 3 4 5 6 7 8 9 10 11 12 13 14 15 16 17 18 19 20 21 22 23 24 25 26 27 29 30 31 32 33 35 36 37 38 40 41 42 43 44 45 46 47 48 49 50 52 53 55 56 57 58 59 60 61 54 62 63 64 65 66 67 68 69 70 71 72 73 74 75 77 78 79 80 81 82 83 84 85 86 39 51 28 76 87 88 89 34 90 91 92 93

1 2 4 5 6 7 8 10 11 12 13 14 16 17 18 19 20 21 22 24 25 26 27 28 29 30 31 32 34 36 37 38 39 40 33 3 35 9 23 15 41 42

1 2 3 4 5 6 7 8 9 10 11 12 13 15 17 18 19 20 21 23 24 25 26 27 28 30 33 34 35 36 37 38 39 40 41 42 43 14 44 45 46 47 48 50 51 52 53 54 56 57 58 59 60 62 63 64 22 65 66 67 68 70 71 72 73 74 75 55 76 77 78 61 16 29 31 49 69 32 79 80 81

1 2 3 4 5 6 7 8 10 11 13 14 15 16 17 18 19 20 21 22 12 23 24 25 26 27 28 29 31 32 33 34 36 37 38 39 40 41 42 43 44 45 46 47 48 49 50 51 52 53 54 55 56 57 58 59 60 61 62 63 64 65 66 68 70 71 69 30 72 73 75 35 74 76 77 78 67 9 79

1 2 3 4 5 6 8 9 10 11 12 13 14 15 16 17 18 19 20 21 22 23 25 26 27 28 29 30 31 32 33 34 35 36 37 38 39 40 41 42 44 45 46 47 48 49 50 51 52 53 54 43 55 56 57 58 59 60 61 62 24 63 64 65 66 67 68 7 69 70

2 3 5 6 7 8 9 10 11 12 13 1 15 16 17 18 19 20 21 22 24 26 27 23 28 29 14 4 30 31 25 32

1 2 3 4 5 6 7 8 9 10 11 12 13 14 15 16 17 18 19 20 21 22 23 24 25 26 27 28 29 30 31 32 33 34 35 36 37 38 39 40 41 42 43 44 45 46 47 48 49 50 51 52 53 54 55 56 57 58 59 60

1 2 3 5 6 8 9 10 11 12 13 14 15 16 17 18 19 20 21 22 23 24 25 26 29 30 31 33 35 36 37 38 39 40 41 42 43 44 45 46 48 49 51 52 53 54 55 56 57 58 59 60 61 62 63 64 65 4 67 68 69 27 47 70 71 72 73 74 75 76 77 78 79 28 32 34 7 50 66 80 81

1 2 6 7 9 10 11 12 13 14 15 17 18 19 20 21 22 23 24 8 25 3 26 27 28 29 30 31 32 33 34 35 36 4 5 37 38 16 39

1 2 3 4 5 6 7 8 9 10 11 12 13 14 15 16 17 18 19 20 21 22 23 24 25 26 27 28 29 30 31 32 34 35 36 33 37

1 2 3 4 5 6 7 8 10 11 12 13 14 17 21 22 23 24 25 28 29 30 31 34 36 37 38 39 40 41 42 43 45 19 26 16 33 46 47 18 48 50 52 9 54 51 32 53 15 49 55 56 57 58 59 27 20 44 35 60

1 2 5 6 8 9 11 12 13 14 15 7 10 16 17 18 19 4 3 20 21

1 3 4 5 6 8 10 11 13 14 15 17 18 19 20 21 22 23 24 25 26 27 28 30 32 33 34 35 36 37 38 39 40 41 42 43 44 45 46 47 48 49 50 52 53 54 56 57 58 9 51 59 60 7 12 2 16 29 31 55 61 62

1 2 3 4 5 6 7 8 9 10 12 13 14 15 17 18 19 20 21 22 23 24 25 26 27 29 31 32 33 34 35 36 37 38 39 41 16 42 44 45 46 47 48 50 51 52 53 55 56 57 58 59 60 61 62 63 64 68 69 70 72 73 74 75 76 77 80 81 82 86 83 66 28 30 49 71 11 40 67 79 85 65 78 87 43 88 89 90 91 92 93 84 54 94

1 2 3 4 5 8 9 10 11 12 14 15 16 18 19 21 13 22 24 25 26 27 28 17 20 23 7 29 6 30 31 32

1 2 4 5 6 7 8 9 10 11 12 13 14 15 16 17 19 20 21 22 23 24 25 26 27 28 29 30 31 32 33 34 35 36 37 38 40 41 43 45 47 48 49 50 51 53 55 56 57 58 59 60 61 62 63 52 64 42 44 65 66 67 68 69 70 3 71 18 72 73 74 75 76 77 78 46 79 80 81 82 39 54 83

1 2 5 6 7 8 10 11 12 13 14 15 16 17 18 19 20 21 22 23 24 25 27 28 29 30 31 32 33 34 35 37 38 39 40 42 43 44 45 46 47 48 49 50 51 52 53 54 55 56 57 58 59 60 26 61 62 64 65 66 67 68 69 70 71 72 73 74 75 76 77 4 9 36 3 41 63 78 79

2 3 4 5 6 7 8 9 10 11 12 13 14 15 16 17 18 19 20 21 22 23 24 25 26 27 28 30 32 33 34 35 36 37 38 39 41 42 43 44 45 46 47 48 50 51 52 53 54 31 49 56 57 58 59 60 1 55 61 62 29 40 63 64 65

1 2 3 4 5 6 7 9 10 11 12 13 14 16 17 18 19 20 21 22 24 25 26 27 28 29 30 31 32 34 35 36 37 38 39 40 41 42 43 44 45 47 46 23 48 49 50 15 8 33 51

1 2 3 4 5 6 7 8 9 10 12 13 16 18 19 20 21 22 23 24 25 26 27 30 31 33 35 36 37 28 34 38 39 11 15 40 41 42 43 29 32 14 17 44

1 2 3 5 6 7 8 9 10 11 12 13 14 15 16 17 18 19 20 21 22 23 24 25 26 27 28 29 30 31 32 33 34 35 36 37 38 39 40 41 42 43 44 46 47 48 49 51 52 53 54 56 57 58 59 60 61 62 63 64 65 55 66 67 4 50 68 45 69 70 71 72

1 2 5 6 8 9 11 12 13 16 17 18 19 4 20 7 14 3 10 15 21 22 23 24 25

1 2 3 4 5 6 7 8 9 10 11 12 13 14 15 16 17 18 19 20 21 22 23 24 25 26 27 28 29 30 31 32 33 34 35 36 37 38 39 40 41 42 43 44 45 46 47 48 49 50 51 52 53 54 55 56 57 58 59 60

3 4 6 7 8 9 10 11 12 14 15 16 18 19 20 21 22 23 24 25 26 27 29 31 34 17 35 36 37 32 38 39 40 41 42 43 2 30 33 28 45 46 47 5 44 13 1 48 49 50 51

1 3 4 5 6 7 8 9 10 11 12 13 15 2 14 16

2 3 4 5 6 7 8 10 11 13 14 15 17 18 20 21 22 23 24 25 26 31 32 33 34 35 38 40 41 42 43 47 48 49 50 51 52 53 54 19 28 37 39 44 9 29 30 46 45 36 1 55 56 16 12 27 57

1 2 3 4 6 8 9 7 10 11 5 12 13

1 2 3 4 5 6 7 8 9 10 11

1 2 3 4 5 6 7 8 9 10 12 13 15 16 17 18 19 20 21 22 23 24 25 26 27 28 29 30 11 31 32 14 33

1 2 3 4 5 6 8 9 10 11 12 13 14 15 16 17 18 19 20 21 23 24 25 26 27 28 29 30 31 32 33 34 35 36 37 38 40 41 42 43 44 45 46 47 48 49 50 51 52 53 54 55 56 57 58 59 60 61 62 63 64 66 67 69 70 71 74 75 76 77 78 79 80 72 73 39 68 81 82 65 83 22 7 84 85 86

1 2 3 4 5 6 7 8 9 10 11 12 13 15 16 17 18 19 20 21 22 23 24 25 26 27 28 29 30 31 32 33 34 35 36 37 38 39 40 41 42 43 44 45 46 47 48 49 50 52 53 54 55 56 57 58 59 60 61 62 63 66 67 68 69 70 71 72 73 74 75 64 76 77 78 79 80 81 82 83 84 85 86 14 87 88 89 90 51 65 91 92 93 94 95

1 2 4 5 6 7 8 9 10 11 12 13 14 15 16 17 18 19 20 21 22 23 24 25 3 26

1 2 3 4 5 6 7 8 9 10 11 12 13 14 15 16 17 18 19 21 22 23 24 25 26 27 28 29 30 31 33 35 36 38 39 40 41 42 43 44 46 47 48 49 51 52 54 55 56 58 59 61 62 63 64 65 66 67 68 69 70 71 72 73 74 76 77 78 79 80 81 82 83 85 86 88 89 90 91 37 32 50 60 75 87 20 45 57 34 53 84 92 93

4 5 6 7 8 9 10 11 12 13 14 15 16 17 18 19 20 22 23 24 25 21 26 3 1 2 27 28

1 2 3 4 5 6 7 8 9 10 11 12 13 15 16 17 20 21 22 25 26 27 28 29 30 31 32 33 34 35 36 37 38 39 40 41 42 43 44 45 46 47 48 49 50 51 52 53 54 55 56 57 58 59 60 61 62 63 64 65 66 67 68 71 24 72 73 74 75 19 76 77 78 18 23 69 14 70 79

1 2 3 4 5 6 8 9 11 12 13 14 15 16 18 19 20 22 23 24 25 26 27 28 29 30 31 32 33 21 7 10 17 34 35 36

1 2 3 4 5 6 7 8 10 11 12 13 15 16 17 18 19 20 22 23 25 26 27 28 29 30 31 32 33 34 35 36 37 38 39 40 41 42 43 44 45 46 47 48 49 50 52 54 55 56 57 58 24 21 14 51 59 53 60 61 62 63 64 65 66 67 9 68

1 4 6 7 10 11 13 14 15 16 17 3 18 19 21 5 2 8 9 12 20 22 23

1 2 3 4 5 6 7 8 9 10 12 13 15 16 11 17 18 20 21 22 23 24 25 26 27 28 29 30 31 32 34 35 36 37 38 39 40 41 42 43 44 45 14 19 33 46

1 3 4 5 6 7 8 9 10 11 2 12 13 14 15 16 17 18 19 20 21

1 2 3 4 5 6 7 8 9 10 11 12 13 14 15 17 18 19 20 21 22 23 25 26 28 29 30 31 33 34 36 37 38 39 40 41 42 43 44 45 46 47 48 49 51 52 53 54 55 56 57 58 59 60 62 64 65 66 35 67 68 69 70 71 72 73 74 75 63 77 78 79 80 81 82 83 84 85 86 87 88 61 89 90 24 27 32 16 50 76 91

1 2 3 4 5 7 9 10 11 12 13 14 6 8 15 16

1 2 3 6 7 8 9 10 11 12 13 14 15 16 18 19 20 21 23 24 25 28 29 30 31 32 33 34 36 37 39 40 41 43 45 46 47 48 49 5 50 52 53 54 56 35 57 58 59 60 61 63 22 42 38 4 44 55 17 62 27 51 26 64 65 66

3 6 7 8 9 10 11 12 13 14 15 16 17 18 19 20 21 22 23 24 25 26 27 28 29 30 31 32 33 34 35 36 37 38 39 40 41 42 43 44 45 48 49 50 51 52 53 54 55 56 57 58 59 60 61 62 63 64 65 67 68 70 71 72 73 74 75 76 77 79 78 80 82 5 69 81 1 46 83 2 47 4 84 85 86 66 87 88 89 90

1 2 3 4 5 6 7 8 9 10 11 13 17 18 19 20 21 22 24 14 15 16 23 12 25

1 2 3 4 5 7 9 10 11 13 14 16 17 18 20 21 22 23 24 6 15 8 12 19 25 26

1 2 3 4 5 6 7 8 9 10 11 12 13 14 15 16 17 19 20 21 22 23 25 26 27 28 29 24 18 30

1 2 3 4 5 6 7 8 9 10 11 12 14 16 17 18 20 21 22 23 24 25 26 28 29 30 31 32 33 34 35 36 37 38 19 39 40 41 42 43 44 45 46 47 48 49 50 51 52 53 54 55 13 27 15 56 57 58 59

2 3 4 5 7 8 9 10 11 12 13 14 15 16 17 18 1 6 19 20 21

1 2 3 4 5 7 8 9 10 11 12 13 14 15 16 17 18 19 20 21 22 23 24 25 27 28 29 30 31 32 33 34 35 36 37 39 40 41 42 43 44 45 38 46 48 49 50 51 52 53 54 55 6 56 57 58 59 60 61 62 63 64 26 47 65 66 67 68 69 70

2 3 4 5 6 7 8 9 10 11 12 1 13 14

1 2 3 4 5 6 7 8 9 10

1 2 3 5 6 7 8 9 11 12 13 17 18 19 21 22 23 25 26 27 28 29 30 31 32 33 34 35 36 37 38 39 40 41 42 44 46 48 49 50 52 53 54 55 56 58 59 60 61 62 64 43 47 65 66 68 67 69 70 71 72 73 74 20 75 76 77 78 79 81 82 84 45 15 10 86 14 16 51 57 80 4 83 85 24 63 87

1 2 3 4 5 6 7 8 9 10 11 12 13 14 15 16 17 18 19 20 21 22 23 25 26 28 30 31 32 33 34 35 36 37 38 39 40 41 43 44 45 46 47 48 49 51 52 53 54 55 56 57 58 59 60 61 62 63 64 66 67 68 42 69 70 72 73 74 75 76 24 27 29 71 77 50 78 65 79

1 2 4 5 6 8 10 11 13 14 16 17 18 19 21 22 23 24 25 26 27 29 12 31 32 33 34 35 36 37 38 39 40 9 41 42 43 7 44 45 28 20 3 15 30 46

2 3 4 7 8 9 11 12 13 14 15 16 17 18 19 20 21 22 23 24 25 26 27 28 30 31 33 35 36 38 40 41 42 43 44 45 46 47 48 49 50 51 52 53 54 55 57 58 29 59 62 64 65 66 67 68 69 70 71 60 61 39 72 74 75 76 77 6 1 10 37 56 32 5 34 63 73 78 79

1 2 3 4 5 7 8 9 11 12 14 16 17 18 19 21 15 23 24 26 6 20 13 22 25 10 27

1 2 4 5 6 8 9 11 12 14 15 16 17 18 19 21 23 13 20 24 25 26 27 28 29 3 7 30 31 32 33 34 22 10 35 36

1 2 4 6 7 8 9 10 11 13 14 15 16 17 19 20 21 23 24 25 22 26 27 28 29 30 31 32 33 34 35 36 38 39 41 42 43 44 45 46 47 48 49 50 51 52 53 54 55 56 58 59 60 61 62 63 64 65 66 67 68 69 71 72 73 74 75 76 77 78 79 80 81 82 83 5 40 70 12 84 85 86 18 37 3 57 87 88

1 2 4 5 6 7 8 9 11 12 13 14 15 16 18 19 20 21 22 23 24 25 26 27 28 29 30 31 32 33 34 36 37 38 39 40 41 42 43 45 46 47 48 49 51 53 54 55 56 57 58 35 50 17 59 60 3 61 62 63 64 65 66 68 10 52 44 67 69

2 3 4 5 6 7 8 9 11 13 14 15 16 17 1 12 10 18

1 2 3 4 6 7 9 10 11 12 13 15 17 18 20 21 23 24 25 26 27 28 30 31 32 33 34 35 36 37 38 39 40 41 42 43 44 46 47 49 50 51 52 53 54 55 56 57 58 59 60 61 63 64 16 65 66 67 68 5 45 69 70 71 73 74 75 19 48 22 62 72 14 8 29 76 77

1 2 4 5 6 7 8 9 10 11 12 13 14 15 16 17 18 19 21 22 23 24 25 27 28 29 30 31 32 33 34 35 36 37 38 39 40 41 42 43 44 45 46 47 48 49 50 51 52 53 54 55 56 57 58 26 20 3 59 60 61 62 63 64 65

1 2 3 4 5 6 7 8 9 10 11 12 13 14 15 16 17 18 19 20 21 22 23 24 25 26 27 28 29 30 31 32 33 34 35 36 37 38 39 40 41 42 43 44 45 46 47 48 49 50 51 52 53 54 55 56 57 58 59 60 61 62 63

1 2 3 4 5 6 7 8 9 10 11 12 13 14 15 16 18 20 21 22 23 24 25 26 27 28 29 30 31 32 33 34 35 36 37 38 39 40 41 43 44 45 46 47 48 49 50 19 51 52 53 54 55 42 17 56 57 58 59 60 61 62 63 64 65 66 67 68 69

1 4 5 6 7 8 9 10 12 13 14 15 16 17 18 2 11 19 3 20

1 2 4 5 7 8 9 10 11 12 3 6 13

1 3 4 5 6 7 8 2 9 10 11 12

2 3 4 5 6 7 8 9 10 12 14 15 16 17 18 19 20 22 23 24 25 26 21 1 11 13 27

1 2 3 5 6 7 8 9 11 12 13 14 15 16 17 18 19 20 21 22 23 24 25 26 28 29 30 31 32 10 33 34 35 36 37 38 39 40 41 42 43 44 45 46 47 48 49 51 52 53 50 4 54 55 56 57 58 27 59

2 3 4 5 6 7 8 9 10 11 12 13 14 16 17 18 19 20 21 22 23 24 25 26 27 28 29 30 31 32 1 33 34 35 15 36 37

1 2 3 4 5 6 8 9 10 11 13 14 7 15 16 18 12 17 19 20 21

1 3 4 5 6 7 8 9 10 12 13 14 17 19 20 21 22 23 25 26 27 28 29 30 31 32 33 34 35 36 37 38 39 40 41 42 43 44 45 46 48 49 50 52 24 53 54 55 56 57 58 59 60 61 63 64 65 66 67 69 70 71 72 73 74 75 18 68 47 76 77 78 79 80 81 82 16 62 2 11 15 51 83 84 85

1 2 4 5 6 7 8 9 10 11 12 13 14 15 16 17 18 20 21 22 23 24 25 26 27 28 29 30 31 32 33 34 36 40 41 42 43 44 45 46 47 48 50 51 52 54 55 56 57 58 59 60 61 62 63 64 3 38 37 39 53 35 49 19 65 66 67 68

1 2 3 4 6 7 8 9 10 11 12 13 14 15 16 17 18 19 20 21 22 23 24 25 26 27 28 29 30 31 32 33 34 35 36 37 38 39 40 41 42 44 45 46 47 48 49 50 51 52 53 54 55 56 57 58 59 60 61 62 63 65 66 67 68 69 70 71 72 73 74 75 76 77 78 43 64 79 80 81 82 83 84 85 86 87 88 89 90 91 92 5 93 94 95 96

1 3 5 6 7 8 9 10 11 12 13 14 15 16 17 18 4 19 20 23 24 25 26 27 28 29 30 31 33 21 35 37 38 39 41 42 43 44 36 45 47 2 32 34 46 22 40 48 49

1 2 4 5 6 7 8 9 11 13 15 16 12 19 20 21 22 23 24 25 26 27 28 30 31 32 33 34 35 36 38 14 18 29 3 17 10 37 39 40

1 2 3 4 6 7 8 9 10 11 12 13 14 15 16 17 18 19 20 21 5 22

1 4 5 7 8 9 11 12 13 15 17 18 19 20 21 22 23 24 26 27 28 29 30 31 33 34 36 37 38 40 41 42 43 44 45 46 48 49 50 51 52 53 54 56 57 59 60 61 63 64 65 66 67 6 68 69 70 3 10 14 2 16 25 55 58 71 72 35 39 47 62 32 73 74

1 3 4 5 6 7 8 9 10 11 12 13 14 15 16 17 18 19 20 21 22 23 24 25 26 27 28 29 30 31 2 32

1 2 4 6 7 8 9 10 12 13 14 15 17 18 19 20 21 22 24 25 26 27 29 30 31 33 34 36 37 11 16 23 35 5 3 28 32 38

1 2 3 5 7 8 9 10 11 12 13 14 15 16 17 18 19 20 21 22 23 24 25 26 27 28 29 30 31 32 33 34 35 37 38 40 41 42 39 43 44 45 46 47 48 49 50 51 52 53 54 4 6 36 55 56 57

2 3 4 5 6 7 8 10 11 13 14 15 16 17 18 19 20 9 21 22 12 23 1 24

1 2 3 4 5 6 7 10 12 13 14 15 16 17 18 19 20 22 23 24 25 26 27 28 29 11 30 31 9 33 34 35 36 37 32 38 39 8 21 40 41

2 3 5 6 7 8 9 10 11 12 13 14 15 16 17 18 19 20 21 22 23 24 25 26 27 29 30 31 32 33 34 35 36 37 38 39 41 1 42 43 45 46 47 48 49 50 51 52 53 54 55 56 57 58 59 60 61 62 63 64 28 65 66 4 67 68 69 70 71 72 73 74 75 76 77 44 78 79 80 81 40 82

1 2 3 4 5 6 7 8 9 10 11 13 14 15 16 18 20 22 23 24 25 26 27 28 29 30 31 32 33 34 37 38 39 40 41 42 43 44 45 47 50 51 52 55 36 56 57 58 59 60 61 17 21 62 63 64 65 54 35 19 46 12 48 49 53 66

1 2 3 4 5 6 7 9 10 12 13 14 15 11 16 17 18 19 20 21 22 24 25 26 27 28 29 30 31 32 33 34 35 36 37 38 39 8 23 40

2 3 4 5 6 7 10 11 12 13 14 15 16 17 18 19 20 21 22 23 24 26 27 28 29 30 31 32 33 34 35 36 37 38 39 40 42 43 45 46 47 48 49 51 52 53 54 55 8 56 57 58 59 60 61 63 64 65 67 68 69 70 71 72 73 74 75 76 77 78 79 80 81 9 1 41 44 25 50 62 66 82 83 84

1 2 3 4 5 6 7 8 9 10 11 12 13 14 15 16 17 18 20 21 22 23 24 25 26 27 28 29 30 31 32 33 34 19 35 36 38 39 40 41 42 43 44 45 46 47 48 49 37 50 51 52 53 54 55 56 57 58

1 2 3 4 5 7 8 9 10 11 12 13 14 15 16 17 18 19 20 21 22 23 24 27 28 29 31 32 33 34 35 36 37 38 39 40 41 42 44 45 46 47 48 49 50 51 52 53 54 55 56 6 57 58 59 62 63 65 66 67 68 69 70 71 72 73 74 75 76 25 64 26 61 77 78 30 79 80 60 43 81

2 3 4 5 6 7 8 10 11 13 14 15 16 17 18 19 20 21 22 23 25 26 27 28 29 30 32 34 35 37 38 39 40 41 44 45 46 48 49 50 52 12 53 54 55 56 57 58 59 60 61 62 63 64 65 66 67 68 69 70 71 72 31 73 47 36 51 74 75 76 77 78 79 80 81 82 83 9 84 85 24 1 33 42 86 87 88 43 89 90

2 3 4 5 6 8 9 10 11 12 13 1 14 15 16 17 18 20 21 22 23 24 25 26 27 28 29 30 31 32 33 34 35 37 38 39 40 41 43 44 45 42 46 47 48 49 50 51 52 53 54 55 56 57 58 59 60 61 62 63 64 66 7 65 67 19 36 68

1 2 3 4 5 7 8 10 11 13 16 17 18 20 21 22 23 24 25 26 27 28 29 30 31 32 33 34 35 36 37 38 6 39 40 42 43 45 41 9 14 12 15 19 44 46

1 2 4 5 6 7 8 9 10 12 13 14 15 16 17 18 19 20 21 22 23 24 25 26 27 28 30 31 32 33 35 36 37 38 39 40 41 42 43 44 45 46 47 48 49 50 51 52 54 55 56 57 58 59 60 61 62 63 64 65 66 67 68 69 53 34 70 71 72 73 74 3 75 29 76 77 78 79 80 81 82 83 84 85 11 88 86 87 89 90

1 2 3 4 5 6 7 8 9 12 13 14 15 16 17 20 21 22 23 25 26 27 28 29 30 31 32 34 35 36 37 24 18 19 10 11 33 38

1 2 3 4 5 6 7 8 9 10 12 13 14 15 16 17 18 19 20 21 22 23 24 25 27 28 29 30 31 32 33 34 35 36 37 38 39 40 41 42 43 44 45 46 47 48 11 26 49 50

1 2 3 4 5 6 7 8 10 11 13 14 15 16 17 18 19 20 21 23 24 25 26 27 28 29 30 31 32 33 34 35 36 37 38 40 42 43 45 47 48 50 51 52 53 54 55 56 57 58 59 60 61 63 64 65 66 67 68 9 49 69 39 44 41 70 71 72 73 74 75 76 77 46 22 62 78 79 12 80 81 82

1 2 3 4 9 10 12 14 15 16 18 19 20 21 22 23 24 26 27 28 29 30 31 32 33 34 35 36 38 40 41 42 43 44 45 46 47 48 49 50 51 52 53 54 55 56 57 58 59 60 61 63 65 66 67 68 70 71 72 73 74 75 76 77 78 80 81 79 82 83 84 85 86 87 88 5 39 8 62 37 13 6 25 11 64 7 17 69 89 90

1 2 3 5 6 7 8 9 10 11 12 16 17 18 19 20 21 22 23 25 26 27 28 29 30 33 34 35 36 37 38 39 40 42 43 45 46 47 48 49 50 51 52 53 55 56 57 58 59 61 62 63 64 65 66 67 68 70 71 72 73 74 75 76 77 78 79 81 82 83 84 85 86 87 88 69 4 14 24 15 41 32 44 54 60 80 13 31 89

1 2 3 4 5 6 7 8 9 10 11 12 13 14 15 16 17 18 19 20 21 22 23 24 25 26 27 28 29 30 31 32 33 35 37 38 39 40 41 42 43 44 45 46 47 48 49 50 51 52 53 54 55 56 57 58 59 60 61 62 63 64 65 66 67 68 69 34 36 70

1 2 3 5 6 7 8 9 10 11 13 14 15 16 17 18 19 20 22 23 24 25 26 27 29 30 31 32 33 34 35 36 37 38 39 21 28 4 40 41 42 43 44 12 45 46 47 48 49

1 2 4 5 6 7 8 9 10 11 12 13 14 15 16 17 18 19 20 21 22 23 24 25 26 27 3 28

1 2 3 4 5 6 7 8 9 10 11 12 13 14 15 16 17 18 19 20 21 23 24 25 26 27 28 29 32 33 34 35 36 37 38 39 40 41 42 43 44 45 46 47 48 49 51 52 31 53 54 55 56 57 58 59 22 60 61 62 63 64 65 66 67 50 68 69 70 71 73 74 75 30 72 76

1 3 5 6 7 8 9 11 12 14 15 16 17 18 19 20 10 2 4 13 21 22 23 24

1 3 4 5 6 7 8 9 10 12 13 14 15 16 17 18 19 20 22 23 24 25 26 27 28 29 11 2 30 31 32 21 33

1 2 3 4 5 6 8 9 10 11 13 14 15 16 17 19 20 21 22 23 24 25 26 27 28 29 7 12 18 30 31 32 33 34 35

1 2 3 4 5 6 8 9 10 11 12 13 14 15 16 17 18 19 20 21 22 23 24 25 26 27 28 29 30 31 32 33 34 35 36 37 38 39 40 41 42 43 45 7 46 47 48 49 50 51 52 54 55 56 57 58 59 60 61 62 63 64 65 66 67 68 69 70 71 72 73 74 75 76 77 78 79 80 81 82 83 84 85 86 87 88 89 90 91 92 93 94 95 44 53 97 96 98

1 2 3 4 5 6 7 8 9 10 11 12 13 14 15 16 17 18 19 20 21 22 23 24 25 26 27 28 29 30 31 32 33 34 35 36 37 38 39 40 41 43 44 45 46 47 48 49 50 52 53 54 55 56 57 42 51 58

1 2 3 4 5 6 8 9 10 11 12 13 14 15 16 18 19 20 21 22 23 25 27 28 29 30 31 24 32 33 7 17 26 34 35 36 37

2 3 4 5 7 8 9 10 11 12 13 14 15 16 17 19 20 1 21 22 23 24 25 26 27 28 29 30 31 32 6 18 33

2 4 5 6 7 8 9 11 12 13 14 15 16 17 18 22 23 24 25 26 27 28 29 30 31 32 33 34 35 37 38 39 40 41 42 43 44 45 46 47 48 50 51 52 53 54 55 56 57 58 10 59 60 61 62 65 66 67 68 19 64 69 70 71 72 73 74 75 76 77 78 79 80 81 82 83 21 36 63 84 85 86 3 1 49 87 20 88 89

1 2 3 4 5 6 7 8 9 10 11 12 13 14 15 16 17 19 21 22 23 24 25 26 27 28 29 30 32 33 34 35 36 37 38 39 20 40 41 43 44 45 42 46 47 48 18 49 50 51 52 31 53 54 55 56

1 2 3 4 5 6 7 8 9 10 11 12 13 14 15 16 17 18 19 20 21 22 23 24 25 26 27 29 30 31 32 34 35 36 38 40 41 42 43 44 45 46 47 28 33 48 49 50 51 52 53 54 55 56 58 59 60 62 63 64 65 66 67 68 69 70 71 72 73 74 75 37 76 77 61 78 39 57 79

1 2 3 6 8 9 10 12 13 14 15 16 17 18 19 20 21 22 23 24 11 25 4 7 26 5 27 28 29

1 2 3 4 5 6 7 8 9 10 11 12 13 14 16 18 19 20 21 22 23 24 25 26 27 28 30 31 32 33 34 35 36 37 38 39 40 42 43 44 45 46 47 49 51 52 53 54 55 56 57 58 59 61 62 63 64 65 66 67 69 15 17 70 71 72 48 73 74 75 76 77 78 79 80 81 82 68 83 84 85 86 87 88 89 60 90 91 92 93 41 29 94 96 97 95 50 98

1 2 3 5 6 7 9 10 11 12 13 14 15 18 19 21 22 8 23 24 25 26 27 28 4 29 30 31 16 17 20 32 33 34

1 3 4 5 6 7 2 8 9 10 11

1 2 3 4 5 6 7 8 9 10 11 12 13 14 15 16 17 18 19 20 22 23 24 25 26 27 28 29 30 31 33 34 35 36 37 38 40 41 42 44 45 46 47 48 49 50 52 53 54 55 56 57 58 59 60 61 62 63 64 65 66 21 32 43 51 67 39 68

1 2 3 4 5 6 7 9 11 12 13 15 16 19 20 21 22 23 24 25 26 27 28 29 30 31 32 33 34 35 36 37 38 39 40 17 41 42 43 44 18 45 47 48 49 50 51 52 14 46 53 54 55 8 10 56 57

1 2 4 5 6 7 8 9 10 11 12 3 13

1 2 3 4 5 6 7 8 9 10 11 12 13 14 15 16 17 18 19 20 22 23 24 25 26 27 28 29 30 31 32 33 34 36 38 39 40 41 42 43 44 45 46 47 48 50 51 52 53 35 54 55 56 57 49 21 37 58

1 2 3 5 6 7 8 9 10 11 12 13 4 14 15 16 17 18 19 20 21

1

1 2

