6 1 5 11 9 8 4 7 10 2 3 

7 4 3 1 6 2 5 

3 6 4 7 8 10 12 17 2 5 9 11 14 1 13 15 16 18 

1 

9 3 5 6 8 2 1 10 7 12 13 14 11 4 

2 1 

4 5 9 11 2 1 10 7 3 6 8 

6 4 3 5 1 2 7 8 

6 17 1 7 11 13 15 12 10 16 3 2 4 9 5 8 14 18 

7 6 1 3 4 2 5 8 9 10 

3 4 5 1 6 2 

7 1 2 3 5 4 6 

13 10 6 4 7 11 12 14 3 8 15 9 2 1 5 16 

2 1 

2 1 3 

5 2 8 9 10 11 6 13 1 3 4 7 12 

2 1 3 

9 10 5 3 1 2 7 8 12 13 4 11 14 6 15 

7 4 2 6 3 1 5 8 9 

3 1 4 5 2 

11 7 3 2 6 5 4 1 10 9 8 12 13 

12 4 7 3 2 1 6 9 11 13 14 15 10 8 5 16 

4 5 1 2 3 6 7 9 8 10 11 

1 7 3 4 5 2 8 9 10 11 12 13 15 16 6 14 

4 1 2 3 

2 1 3 

7 6 4 10 1 2 3 5 8 9 11 

11 10 6 5 3 1 12 2 8 9 4 7 

3 1 2 4 5 

10 2 3 4 1 6 8 9 5 7 12 13 14 16 18 19 11 15 17 

2 1 3 

6 7 1 2 5 8 4 3 9 10 11 

6 1 2 3 4 5 

2 4 3 5 7 12 14 11 9 1 6 8 10 15 13 

3 2 1 4 

4 2 5 3 1 

3 2 1 

1 5 6 8 3 7 2 9 10 11 13 12 17 4 14 15 16 

5 4 3 2 1 

2 1 

5 6 2 3 11 8 9 10 4 1 7 

5 1 4 2 3 

10 13 1 11 4 12 2 3 6 7 9 5 8 14 15 

8 9 16 10 4 6 7 5 1 2 3 11 13 14 15 12 

3 4 1 2 5 

3 6 4 2 1 5 7 

15 6 3 1 4 10 12 13 14 7 2 5 8 9 11 16 17 18 

4 8 3 2 5 6 7 10 11 1 9 12 13 14 15 

19 3 17 10 2 4 1 5 7 8 13 14 15 12 6 16 11 9 18 

2 9 12 11 1 7 13 5 3 6 10 8 4 14 16 17 18 15 

9 3 7 4 2 5 1 8 6 

3 1 2 

1 5 4 2 3 6 

1 2 3 4 5 6 

7 6 2 13 14 11 10 9 1 8 4 3 5 12 

4 3 1 2 

2 4 7 8 5 6 3 9 10 12 13 14 1 11 

6 1 2 3 4 7 5 

4 2 10 11 17 18 8 6 9 15 16 7 12 5 3 1 13 14 

2 3 1 

2 1 

3 1 2 4 6 8 9 7 5 

7 1 6 5 3 8 9 10 11 2 4 12 13 

3 2 1 

5 7 6 3 1 2 4 

3 2 5 10 12 14 8 6 17 15 1 9 4 7 11 13 16 18 

3 2 7 10 4 5 9 11 8 6 1 

10 6 14 12 4 8 11 3 1 2 9 5 7 13 15 

8 5 3 2 1 4 6 10 9 7 

4 3 6 8 7 5 1 2 9 10 

7 2 4 6 10 8 3 9 1 5 11 12 

19 3 11 7 1 2 4 5 6 8 9 10 12 13 14 15 16 17 18 

10 8 4 7 3 1 6 5 9 2 11 

8 11 4 10 7 3 2 6 12 13 15 9 1 5 14 

5 3 2 1 4 

9 5 4 1 3 6 7 2 8 10 

11 9 10 12 4 8 2 6 1 3 5 13 14 7 

13 4 3 1 9 6 11 14 5 2 15 10 7 8 12 

4 7 13 11 9 6 14 15 16 1 3 10 12 5 2 8 17 

4 2 1 5 3 

1 3 4 2 6 5 

11 10 4 8 7 5 2 6 1 3 9 

1 2 3 4 

13 1 12 5 3 6 7 9 15 16 11 8 17 14 4 10 2 19 20 18 

5 7 2 4 3 1 6 

9 8 12 1 14 15 6 13 7 10 2 11 16 4 5 3 17 18 19 

16 17 8 1 2 13 20 14 15 4 3 9 7 12 10 18 11 5 6 19 

1 2 

2 5 1 3 4 6 8 7 9 10 11 12 13 14 15 16 17 

1 

7 10 9 4 3 16 18 6 8 15 2 1 11 14 17 5 12 13 19 

1 4 6 3 2 5 7 

11 7 1 9 10 13 12 2 3 6 5 4 8 14 15 16 

4 1 2 5 3 

4 3 2 1 5 

4 1 2 3 5 

2 1 

17 3 1 2 8 14 15 18 19 20 7 16 6 11 4 5 9 10 12 13 

6 2 15 9 11 1 7 10 14 3 4 5 12 13 16 17 18 8 

1 3 4 2 5 6 

