69 70 25 71 72 73 74 62 75 23 41 60 76 20 57 43 77 64 54 55 78 56 79 80 68 65 67 33 66 63 61 59 44 42 40 49 48 47 27 50 18 38 34 28 14 53 4 45 35 46 29 3 5 30 10 58 37 15 39 21 52 19 51 24 8 26 11 17 1 31 22 7 13 32 6 9 12 16 2 36 

1 2 3 4 38 39 40 41 31 42 43 44 45 22 46 47 36 48 49 23 50 51 52 53 54 55 56 57 58 59 60 61 62 63 64 65 8 29 66 67 68 69 70 71 72 73 74 75 76 77 78 79 80 81 27 82 37 10 28 24 83 84 30 85 34 33 17 25 32 35 20 11 13 21 9 18 19 15 16 5 14 7 26 12 6 

1 21 22 23 24 25 26 27 28 29 30 31 7 32 33 34 35 36 37 17 18 38 39 40 41 5 2 42 43 44 45 16 8 46 20 10 14 11 15 47 6 13 12 3 19 9 4 

1 35 36 37 38 39 40 41 42 43 10 44 45 46 47 23 32 48 49 50 34 51 52 31 19 53 18 13 30 17 24 54 27 9 28 55 29 21 22 26 25 33 20 6 12 5 2 3 16 15 7 14 8 11 4 

1 37 38 39 40 20 41 26 42 43 44 35 29 45 46 47 34 48 49 50 51 52 53 54 4 25 55 21 24 27 56 36 57 58 30 3 13 32 23 59 31 33 10 19 5 18 8 22 6 11 15 2 28 14 7 16 17 12 9 

1 35 36 37 31 38 39 40 41 23 42 43 34 33 32 44 29 12 25 24 26 19 9 30 22 28 17 27 11 20 14 15 5 16 21 8 18 2 45 7 13 10 3 4 6 

1 23 24 25 26 27 28 29 30 31 32 33 34 35 36 37 38 39 40 41 42 43 44 45 46 47 48 49 50 51 52 53 54 55 56 57 15 19 58 59 60 61 62 63 7 64 65 66 67 68 69 70 10 71 17 72 73 74 75 76 77 78 79 22 8 80 81 82 83 84 14 6 20 12 85 86 11 4 21 87 3 18 2 5 16 9 13 

1 11 12 13 14 15 16 17 18 19 20 21 22 23 24 25 26 27 28 29 30 31 32 33 34 35 36 37 38 39 40 41 42 43 44 45 46 47 48 49 50 51 52 53 54 55 56 57 9 58 59 60 61 7 62 63 64 2 8 65 66 67 68 69 70 3 5 71 10 72 73 74 75 76 77 78 79 80 81 82 83 84 85 86 87 88 89 4 90 91 92 6 

1 13 14 15 16 17 8 18 19 20 21 22 23 24 25 26 27 28 29 30 31 32 33 34 35 36 37 38 39 10 40 12 41 42 43 9 44 45 4 46 11 47 48 49 50 3 5 51 6 7 2 

3 4 2 6 5 1 

6 9 1 2 5 7 11 13 3 8 10 12 4 

14 1 3 2 4 5 9 11 10 6 12 7 8 13 

3 4 2 7 8 6 1 5 9 

6 12 11 3 8 9 13 14 2 4 5 1 7 10 

3 1 2 

4 2 3 1 

10 4 9 6 5 3 2 8 7 1 11 

3 1 2 

7 3 1 4 2 5 6 

8 7 1 2 3 4 5 6 

7 3 8 6 4 5 2 10 1 9 

2 1 5 3 4 

5 6 3 1 8 9 10 7 4 2 

1 2 

5 3 9 11 1 7 14 4 2 8 10 6 12 13 

7 4 9 1 11 3 12 2 8 5 6 10 

3 2 1 

7 5 1 3 6 2 4 8 9 

3 1 2 

1 3 2 5 6 4 

1 2 

14 4 8 9 12 11 13 7 2 1 3 15 6 5 10 

8 3 12 1 6 4 2 7 10 11 13 5 9 14 

4 1 2 5 3 6 

4 1 2 3 5 

1 33 34 35 36 37 38 63 64 65 66 67 68 69 70 71 72 73 74 75 76 20 77 78 79 80 81 82 83 84 85 86 87 88 41 89 90 91 92 12 46 58 93 94 95 56 10 29 59 26 60 52 25 47 55 61 53 51 43 62 48 57 44 42 22 50 28 54 8 40 19 27 24 23 16 96 15 5 49 45 2 32 9 30 7 31 13 6 14 17 21 3 39 18 11 4 

1 18 19 20 21 22 23 24 25 26 27 28 29 30 31 32 33 2 14 34 17 35 36 37 38 39 40 41 42 43 44 45 46 47 5 48 7 49 50 51 52 3 53 54 6 4 15 55 56 8 9 10 12 13 11 16 57 58 

1 5 8 9 10 12 17 18 22 27 28 31 33 34 36 32 35 30 2 3 21 19 24 4 23 16 25 7 11 26 29 13 15 20 6 14 

1 2 3 4 5 6 7 8 9 10 11 12 13 14 

9 15 20 26 17 34 44 45 51 3 12 42 50 11 52 6 38 18 27 10 19 23 31 39 4 36 48 30 37 1 35 49 33 16 40 8 43 47 7 2 21 25 32 14 28 46 13 29 41 5 24 22 53 54 55 56 57 58 59 60 61 62 63 64 65 66 67 68 69 70 71 72 73 74 75 76 77 78 79 80 81 82 83 84 85 86 87 88 89 90 91 92 93 94 95 

15 23 21 24 6 16 2 35 34 29 25 3 10 14 8 27 1 28 30 39 31 7 11 20 4 26 38 13 9 19 17 36 5 12 18 32 22 37 33 

26 21 27 37 48 3 12 19 41 40 7 16 24 33 38 46 8 11 18 6 23 29 20 13 22 31 43 15 35 36 30 5 1 9 44 45 47 25 10 14 39 42 4 28 2 17 32 34 

35 28 36 41 7 30 3 37 21 17 39 22 12 19 20 29 14 34 32 16 26 38 8 5 4 9 11 1 25 18 33 13 31 10 6 2 15 24 27 40 23 

6 9 5 7 4 3 1 2 8 

6 5 7 9 2 1 4 8 3 10 

14 16 18 1 2 6 5 10 8 11 7 3 15 12 17 4 13 9 

2 4 5 6 7 8 1 3 

25 6 7 17 12 4 9 10 13 2 5 14 18 3 15 24 26 1 11 19 23 16 20 22 21 27 8 

4 1 3 5 2 6 7 8 9 10 

1 19 21 5 14 3 23 20 2 25 11 22 26 9 15 32 13 18 27 17 29 31 10 16 4 7 24 6 8 28 12 30 

14 11 15 30 32 44 3 39 6 20 38 2 45 31 8 12 25 7 17 18 19 4 13 22 5 24 29 36 37 1 21 26 9 33 16 34 35 27 28 23 43 41 10 42 40 

