1 2 3 4 6 7 10 11 12 9 8 5 

1 3 6 7 4 5 11 8 2 12 13 14 9 15 16 17 18 19 10 

1 2 3 4 5 6 7 8 9 

1 3 6 15 16 17 18 19 8 12 4 9 5 11 12 13 14 2 7 10 14 

1 3 6 8 10 11 12 4 5 2 7 13 14 15 16 17 18 19 9 

1 11 12 13 14 15 16 17 18 9 19 10 7 8 5 2 6 3 4 

63 64 38 4 65 66 67 50 58 60 55 61 68 69 70 18 57 71 72 49 32 62 73 74 51 27 75 44 76 48 42 14 35 28 45 59 11 77 54 9 40 23 34 46 1 10 39 30 43 47 22 20 52 29 41 33 56 36 21 5 26 37 15 31 6 13 25 2 3 19 16 7 24 8 53 17 12 

1 3 6 13 14 2 7 8 9 10 4 5 11 12 15 16 18 19 17 

1 3 5 6 9 4 10 11 12 2 7 8 13 14 15 16 17 18 19 

1 3 6 7 8 4 5 9 2 10 11 12 13 14 15 16 17 18 19 

1 2 3 4 6 7 8 10 11 12 5 9 

1 2 3 4 5 6 10 11 13 14 9 15 16 17 18 19 7 8 12 

1 2 3 4 6 13 8 9 11 7 12 10 14 15 16 17 18 19 5 

1 3 6 11 13 15 16 17 18 19 4 2 8 9 5 10 7 12 14 

1 2 3 6 9 7 10 5 11 12 4 8 

1 3 4 5 6 7 8 10 2 9 11 12 13 14 14 15 16 17 18 19 

1 2 3 6 10 11 12 7 4 8 5 9 

1 3 6 10 11 12 2 7 8 5 9 4 13 14 15 16 17 18 19 

1 2 3 4 6 7 8 10 11 12 5 9 

1 2 3 4 6 7 8 5 10 11 12 9 13 14 15 

1 3 6 10 8 13 14 7 4 2 11 12 5 15 16 17 18 19 9 

1 2 3 4 6 7 8 10 9 11 12 5 

1 2 3 4 5 6 7 8 9 10 11 12 13 14 15 16 17 19 20 21 22 23 26 27 28 29 30 24 25 18 32 33 35 36 37 38 39 40 41 31 34 42 43 44 45 46 47 

1 2 3 4 5 6 7 8 9 10 11 12 13 15 17 14 18 16 19 20 21 

1 2 3 4 6 7 9 10 11 13 14 15 16 17 18 19 20 21 22 23 24 25 26 27 28 29 30 31 32 33 35 36 37 38 39 41 42 43 44 46 48 49 50 51 52 53 54 55 56 57 59 61 62 63 64 65 67 68 69 70 60 71 72 73 74 75 66 5 76 77 78 79 80 81 8 82 83 40 84 45 34 58 47 85 86 87 88 12 89 90 91 

1 2 3 6 10 11 4 13 14 15 12 16 17 18 8 5 19 7 9 

1 2 3 6 10 11 13 5 14 15 16 17 18 19 9 4 8 7 12 20 

1 3 6 11 13 15 16 17 18 19 2 7 8 4 5 10 9 12 14 

3 4 5 6 8 9 10 1 11 7 2 

1 2 3 4 5 6 7 9 10 11 12 13 15 16 8 17 18 19 20 22 21 14 23 25 24 26 27 

6 12 11 3 8 9 13 14 2 4 5 1 7 10 

1 48 49 50 27 51 52 53 54 39 55 56 35 57 58 6 59 60 61 10 62 63 19 64 42 46 47 45 22 44 38 40 43 29 41 31 36 4 12 32 30 21 14 37 33 8 17 16 34 28 11 24 20 15 25 13 18 2 5 23 26 9 3 7 

1 6 7 5 8 9 10 11 12 13 14 15 16 17 18 4 3 19 2 

3 1 2 

4 2 3 1 

10 4 9 6 5 3 2 8 7 1 11 

3 1 2 

7 3 1 4 2 5 6 

8 7 1 2 3 4 5 6 

7 3 8 6 4 5 2 10 1 9 

2 1 5 3 4 

5 6 3 1 8 9 10 7 4 2 

1 5 3 2 4 

1 3 4 5 2 

1 4 2 3 5 6 7 8 

1 4 5 6 7 12 8 13 14 15 16 9 11 3 10 2 

1 2 4 5 6 7 9 11 12 13 14 15 16 17 18 19 20 10 

1 2 3 4 5 6 7 8 

28 1 2 3 4 5 6 7 8 9 10 11 12 13 14 15 16 17 18 19 20 21 22 23 24 25 26 27 

1 2 3 5 4 6 7 9 10 11 12 8 13 14 15 

1 3 4 6 7 10 11 12 9 2 13 14 15 16 17 18 19 8 5 20 

1 2 3 5 6 7 8 9 4 

1 3 4 6 11 9 12 14 2 8 5 10 7 13 15 16 17 18 19 20 21 

1 3 6 13 16 17 18 19 8 11 12 5 2 4 7 10 14 9 15 

1 2 3 4 6 7 8 10 11 12 5 9 

1 3 6 10 11 13 15 16 17 18 19 4 7 5 9 2 20 8 12 14 21 22 

1 2 3 4 6 7 8 9 10 11 12 5 

1 2 3 6 9 10 11 12 4 5 7 8 13 14 15 

1 2 3 4 5 

1 2 3 6 12 9 7 8 5 10 11 12 13 4 14 15 16 17 18 19 20 

1 2 3 6 8 4 5 9 7 10 11 12 13 14 15 

1 2 3 6 7 8 5 9 10 11 12 4 13 14 15 

1 2 3 4 6 7 8 10 11 12 9 5 

1 2 3 6 10 11 12 13 14 15 16 17 18 19 8 7 4 9 5 

1 3 4 2 6 7 5 8 17 18 19 9 14 15 16 

13 26 21 10 23 17 9 16 19 1 25 28 2 18 27 29 14 4 7 6 12 11 20 5 8 24 3 22 15 

2 5 6 4 1 3 7 8 9 

1 2 3 4 5 6 7 8 9 

1 3 6 11 13 14 4 5 7 8 10 9 12 2 15 16 17 18 19 20 

1 2 3 4 6 7 8 9 5 10 11 12 

13 26 21 10 23 17 9 16 19 1 25 28 2 18 27 29 14 4 7 6 12 11 20 5 8 24 3 22 15 

2 5 6 4 1 3 7 8 9 

1 2 3 6 10 11 13 14 15 16 17 18 19 8 7 9 4 5 12 

3 4 6 8 15 16 17 18 19 1 7 10 2 11 12 5 13 9 14 20 

1 2 3 4 6 7 9 10 11 12 8 5 

5 7 1 8 6 9 12 3 13 18 19 20 22 25 26 27 28 29 4 10 11 21 30 31 15 32 34 2 14 16 24 35 36 37 33 38 39 17 40 41 42 23 43 44 45 46 

1 3 4 8 11 12 13 15 16 17 6 5 9 18 20 21 22 23 24 26 27 28 29 7 19 25 30 31 10 32 33 2 34 35 37 38 

1 2 3 

1 2 3 4 5 6 7 8 9 10 11 

1 

2 13 15 16 18 21 22 23 25 27 29 30 31 19 32 33 26 37 38 39 

1 2 4 5 6 7 9 10 11 12 13 14 3 15 16 17 18 19 22 23 24 25 26 27 29 30 31 33 34 35 36 38 39 40 41 42 43 44 45 47 48 50 51 52 53 54 55 56 57 58 59 60 61 63 62 64 65 66 67 68 69 70 71 32 72 73 74 75 76 77 78 79 80 21 81 49 82 84 37 85 20 86 

1 3 6 15 17 18 20 

1 2 3 4 6 7 10 11 12 9 5 13 14 8 15 

1 2 3 4 6 7 8 10 11 5 12 9 

1 2 3 4 6 7 10 11 12 8 5 9 13 14 15 

1 18 19 20 21 22 23 24 25 26 27 28 29 30 31 32 33 2 14 34 17 35 36 37 38 39 40 41 42 43 44 45 46 47 5 48 7 49 50 51 52 3 53 54 6 4 15 55 56 8 9 10 12 13 11 16 57 58 

1 5 8 9 10 12 17 18 22 27 28 31 33 34 36 32 35 30 2 3 21 19 24 4 23 16 25 7 11 26 29 13 15 20 6 14 

1 2 3 4 

1 2 3 6 8 10 11 13 14 15 16 17 18 19 4 7 9 5 12 20 21 

1 3 6 10 11 12 8 13 15 16 17 18 19 7 5 14 4 2 9 20 21 22 23 

2 1 

1 3 6 8 12 5 9 13 2 11 10 7 14 4 15 16 17 18 19 20 

4 3 5 2 6 7 1 8 9 

9 8 6 4 1 3 10 2 5 7 11 12 
