1 5 3 2 4
1 5 3 2 4
1 3 4 5 2
1 2
2 1 3
2 1 5 7 9 11 8 10 12 13 4 14 15 16 17 18 20 21 22 23 24 25
1 2 3 4 5 6 7 8 9 11 13 14 15 16 17 19 20 21 22 23 25 26 27 28 29 31 10 32 33 34 35 36 24 37 39 40 41 42 43 44 45 38 18 46 47 48 49 12 50 51 30 52 53
2 3 6 9 14 19 12 13 8 7 1 10 11 16 18 20 21 5 23 24 26 27 29 30 4 22 28 31
2 3 4 5 7 6 1 8 9
8 2 12 7 1 11 13 14 16 17 4 3 18 19 20 21 22 23
1 2 3 4 5 6 7 8 9 10 11 12 13 14 15 16 17 18 19 20 21 22 23 24 25 26 27 28 29 30 31 32 33 34 35 36 37 38 39 40 41 42 43 44 45 46 47 48 49 50 51 52 53 54 55 56 57 58 59 60 61 62 63 64
1 7 2 8 3 10 11 5 12 13 4 6 14 9 17 18 19 20 21 22 23 16 24 25 27 28 29 30 26 31 33 34 35 36 37 38
1 2 3 4 5 6 7 8 9 10 11 12 13 14 15 16 17 18 19 20 21 22 23 24 25 26 27 28 29 30 31 32 33 34 35 36 37 38 39 40 41 43 44 45 46 47 48 49 50 51 52 53 54 55 56 57 58 59 60 61 42 62 63 64 65 66 67 68 69 70 71 72 73 74 75 76 77 78 79
1 2 3 4 5 6 7 8 9 10 11 12 13 14 15 16 17 18 19 20 21 23 24 25 26 27 28 29 30 31 32 33 34 35 36 37 38 39 40 41 42 43 44 45 46 47 48 49 22 50 51 52 53 54 55 56
1 3 4 5 6 9 10 13 11 14 2 12 7 15 17 18 19 20 22 23 24 25 26 27 28 29 30 31 32 33 34 35 36 21 8 16 37 38 39 40 41 42 43
3 4 5 6 7 8 11 12 13 2 14 15 1 16 17 18 19 20 22 23 24 25 26 29 30 31 32 9 10 21 33 34 35 36 37 38 28 39 40 41 42 43 44 27 45
10 16 21 38 40 42 66 70 74 75 76 77 78 82 83
1 3 4 2 11 13 9 16 17 21 23 27 28 29 30 31 32 35 36 38 39 40
1 2 3 4 6 7 9 10 11 12 5 13 14 15 16 17 19 20 21 22 23 25 26 18 27 28 29 30 31 32 33 34 35 36 37 38 39 40 41 42 43 44 45 24 46 47 48 49 50 51 52 53 55 56 57 58 59 60 61 62 63 64 65 66 54 67 68 69 70 71 72 73 74 75 76 8 77 78
1 3 4 2 5 6 7 9 10 11 12
10 14 15 16 20 22 31 35 37 42 43 46 47 49 52 53 54 2 7 9 13 12 11 5 1 8 6 18 19 21 23 25 26 27 30 32 33 34 36 4 24 28 39 44 17 38 40 41 45 48 50 51 55 56 29 57 58
2 4 6 3 7 5 9 11 12 13 10 8 14 15 16 17 18
1 7 3 5 4 9 10 6 11
1 2 3 4 5 6 7 8 9 10 12 13 14 15 16 17 18 19 20 21 22 23 24 25 27 28 29 30 31 32 33 34 35 36 37 38 39 40 41 42 44 45 46 26 47 48 49 50 11 43 51 52 53 54 55 56
1 2 3 4 5 6 7 8 9 10 11 12 13 14 15 16 17 18 19 20 21 22 23 24 25 26 27 28 29 30 31 32 33 34 35 36 37 38 39 40 41
1 2 3 5 6 7 9 10 11 12 13 14 16 17 18 19 21 22 23 24 25 26 27 28 8 29 30 20 31 32 33 34 35 36 37 38 39 40 41 42 43 44 46 47 49 50 51 53 54 56 57 58 59 4 15 48 52 60 61 62 45 55 63
3 6 8 10 11 13 7 14 4 1 2 15 5 16 17 18 19 21 22 24 25 9 12 23 26 27 28 29 30 31 32 33 34 35 36 20 37 38
4 6 3 2 7 1 8 9 10 11 12 13 14 5 15 16 17 18 19 20 21 22 23
1 2 3 4 6 7 9 8 10 12 13 14 15 5 16 11 17
1 2 3 4 5 6 7 9 8 11 12 10 13 14 15 16 17 18 19 20 21 22 23 24 25 26
1 2 4 5 6 7 8 9 3 10 11 12 13 14 15 16 17 18 19 20 21 22 23
1 3 5 6 7 10 12 13 15 11 9 4 16 17 18 19 20 21 22 23 25 26 27 2 8 14 24 28 29
1 2 3 4 5 6 7 8 9 10
1 2 3 4 5 6 7 8 9 10 11 12 13 14 15 16 17 18 19 20 21 22 23 24 25 26 27 28 29 30 31 32 33 34 35 36 37 38 39 40 41 42 43 44 45 46 47
1 2 3 4 5 6 7 8 9 10 11 12 13 14 15 16 17 18 19 20 23 24 25 26 27 28 29 30 31 32 33 34 35 36 37 38 39 40 41 42 43 44 45 46 47 48 49 50 51 52 53 54 55 56 57 58 59 21 60 22 61 62 63 64 65
1 2 3 4 5 6 7 8 9 10 11
1 5 7 8 9 10 12 13 15 16 17 19 20 21 22 26 27 29 30 31 34 35 36 37 38 39 40 14 11 32 41 42 44 45 47 49 50 51 52 53 48 54 55 3 24 33 2 43 56 57 58 59 60 61 46 62 63 4 18 6 23 25 28 65 66 64 67 68
2 1 3 4 5 6 7
1
1 2 3 4 5 6 7 8 9 10 12 13 14 11 15 16 17 18 19 20 21 22 23 24 25 26 27 28 29 30
1 4 5 6 7 9 10 11 12 13 14 3 15 2 16 8 17 18 19 20 21 22
1 2 3 4 5 7 8 10 11 12 14 6 15 16 17 18 19 20 22 23 24 25 26 27 28 29 30 31 13 32 33 34 35 36 37 38 39 40 41 9 21 42 43 44 45 46
1 2 4 5 6 8 10 11 12 9 13 14 7 15 16 19 20 21 22 23 24 27 17 28 29 30 32 33 35 36 37 38 40 41 43 44 46 47 49 18 50 45 51 52 53 55 48 58 39 57 59 42 60 54 3 56 31 61 62 25 63
1 2 3 4 6 5 7 8 9 10 11 12 13 14 15 16 17 18 19 20 21 22 23 24 25 26 27 28 29 30 31 32 33 34 35 36 37
3 4 5 1 6 2 7 8 9 11 12 13 14 15 16 10 17 18 19 20 21 22 23 24 25 26 27 28 29 30 31 32 33
5 1 6 9 3 11 12 4 10 2 7 13
1 2 4 5 6 7 8 9 10 11 12 13 14 3 15 16 17 18 19 20 21 22 23
2 3 4 6 7 1 8 9 10 11 12 13 14 15 17 18 19 20 21 22 23 24 25 26 27 28 29 30 31 32 33 34 35 36 37 38 40 5 41 42 44 45 46 47 48 49 50 51 52 16 39 53 54 55 43 56 57
1 2 3 4 5 6 7 8 9 10 11 12 13 14 15 16 17 18 19 20 21 22 23 24 25 26 27 28 29 30 31 32 33 34 35 36 37 38 39 40 41 42 43 44 45 46 47 48 49 50 51 52 53 55 56 57 58 59 60 61 62 54 63 64 65 66 67 68
3 1 4 2 5 6 7 8 9
2 3 4 5 8 9 11 12 13 14 15 16 17 19 20 21 24 25 26 28 29 31 32 34 23 35 36 37 39 40 41 10 1 43 44 45 46 47 48 22 7 6 27 30 33 42 49 50 51 52 53 54 18 55 56 38 57 58 59
1 2 3 4 5 6 7 8 10 11 12 13 14 15 16 17 18 19 20 21 22 23 24 25 26 27 28 29 30 32 33 34 35 36 37 38 39 9 31 40 41
1 2 3 4 5 6 7 8 9 10 11 12 14 15 16 17 18 19 20 24 25 26 27 28 22 29 30 13 21 31 32 33 34 35 36 37 38 39 40 42 43 44 45 46 47 48 49 50 51 52 53 55 56 57 58 59 60 61 62 63 65 66 67 68 69 70 72 73 74 71 64 41 54 23 75 76 77
3 4 6 8 9 5 10 11 12 13 14 15 1 7 2 16 17 18 19 20 21 22 23 24 25 26 27
2 3 4 6 1 11 12 13 21 29 30 31 34 39 40 41 43 44 47 48 49 50 33 36 51 52 55 56 57 58 59 20 60 23 61 64 65 35 67 68 71 22 76 77 78 79 80 32 15 14 19 27 42 62 66 69 5 25 73 74 10 8 7 24 28 45 46 53 38 70 37 72 16 26 75 81 9 17 54 63 82
1 2 4 5 7 9 3 10 11 12 13 14 15 8 16 17 18 19 20 21 22 23 24 26 27 28 31 32 29 33 34 35 36 37 40 41 42 25 43 44 46 48 49 50 30 52 53 51 54 6 38 47 55 45 56 39 57 58
1 4 5 2 3 12 8 13 14 7 9 10 16 17 18 19 20
1 2 3 4 6 7 8 9 10 5 11 12 13 14 15 16 17 18 19 20 21 22 24 25 26 27 28 29 30 31 32 33 34 35 36 37 38 39 40 41 42 43 44 45 46 47 48 49 50 51 52 54 55 56 53 57 58 60 62 59 63 64 65 66 61 67 23 68 69 70 71 72 73
1 2 3 4
1 2 3 4 6 7 8 10 11 12 13 9 5 14 17 19 20 21 22 23 24 25 26 27 28 29 30 31 32 33 18 35 15 16 34 36 37 38 39 40 41 42
1 2 3
1 4 5 7 9 10 11 12 13 14 16 17 18 19 20 21 22 23 15 25 27 28 31 32 33 26 34 35 36 37 8 38 39 40 41 42 45 24 44 47 49 50 51 3 46 52 53 2 54 43 55 56 57 6 29 30 48 58 59
1 2 3 4 5 6 7
1 2 3 4 5 6 7 8 10 11 12 9 13 14 15 16 17 18 19 20 21 22 23 24 25 26 27 28 29 30 31 32 33 34 35 36 37 38 39 40 41 42 43 44 45 46 47 48 49 50 51 52 53 54 55
1 2 3 4 5 6 7 8 9 10 11 12 13 14 15 16
1 2 10 4 6 12 13 3 8 7 5 9 14 11 15 16 17
1 2 4 5 6 7 8 9 10 11 12 13 14 3 15 16 17 18 19 20 22 23 24 25 26 27 28 29 30 31 32 33 34 35 36 37 21 38 39 40 41 42 43 44 45 46 47 48 49 50 51 52 53
1 2 3 5 6 7 9 12 8 14 13 15 16 17 18 20 21 22 23 24 25 26 10 11 19 27 29 30 31 32 33 34 35 28 36 37 38 39
1 2 3 4 5 7 8 9 10 11 12 13 14 15 6 16 17 18 19 20 21 22
1 2 4 5 6 7 8 10 11 13 14 15 16 17 18 20 21 22 23 24 25 26 27 28 29 30 31 33 35 3 19 36 38 39 41 42 43 32 45 46 47 48 12 49 50 51 52 53 54 55 56 57 44 58 59 60 61 34 62 63 64 65 66 67 68 40 9 37 69
1 3 4 7 9 8 11 2 12 14 15 16 5 17 18 19 22 23 24 25 20 26 27 28 29 13 6 30 31 10 21 32 33 34 35 36 37 38 39 40
1 2 3 4 5 6 7 8 9 10 11 12 13 14 15 16 17 18 19 20 21 22 23 24 25 26 27 28 29 30 31 32 33 34 36 37 38 39 40 41 42 43 44 45 46 47 48 49 50 51 52 53 54 55 56 57 58 59 60 61 62 63 64 65 66 67 68 69 70 71 72 73 74 75 76 77 78 79 35 80 81 82 83 84 85 86 87 88
2 6 11 12 4 8 13 14 15 16 17 23 25 26 32 34 35 37 40 41 24 43 45 48 50 52 53 54 47 51 55 56 30 57 59 19 62 63
1 2 3
2 3 4 5 6 1 7 8 9 10 11 12 13 14 15 16 17 18 19 20
1 2 3
1 2 3 4 5 6 8 9
1 2 3 4 5 6
1 2 3 4 5 6 7 8
1 2 3 4 5 6 8 9 10 11 12 13 14 15 16 17 18 19 20 21 22 23 24 25 26 27 28 29 30 31 32 33 34 35 36 37 38 39 40 41 42 43 44 45 46 47 48 51 52 53 54 55 56 57 58 59 60 61 62 63 64 65 66 67 68 69 70 7 50 71 72 73 74 75 76 77
