2 3 1 

1 2 3 4 5 6 

11 12 16 2 3 4 17 14 15 22 1 23 6 8 10 18 19 9 20 5 7 21 13 

2 1 3 5 4 

12 13 15 2 18 1 4 5 19 9 17 8 14 6 21 7 3 10 11 20 16 

1 2 3 4 5 6 7 8 9 10 11 12 13 14 15 16 17 18 19 20 

1 2 3 4 5 6 7 10 12 13 15 16 17 8 9 18 20 22 11 25 14 23 19 21 24 27 26 

1 2 3 5 6 7 8 11 12 13 14 15 16 17 18 10 9 21 22 23 4 19 20 

1 2 3 4 5 6 7 8 9 10 11 12 13 14 15 16 17 18 19 20 21 22 23 24 25 26 27 28 29 

1 2 3 4 7 8 16 19 20 23 5 6 9 15 17 10 14 18 21 22 24 11 12 25 26 13 

1 2 3 4 5 6 7 9 11 12 10 13 15 16 17 18 20 8 19 14 

4 5 13 19 8 20 17 22 2 10 6 21 16 9 14 7 1 15 3 18 11 12 

1 2 3 4 5 6 

4 7 9 10 14 16 17 8 6 15 2 3 11 1 5 12 13 

1 2 3 7 13 15 16 5 9 10 11 4 6 8 19 14 12 18 17 

2 4 5 6 7 11 12 10 9 13 15 16 17 19 8 3 1 20 14 18 21 

1 2 4 8 12 16 19 5 20 6 9 15 14 17 21 21 7 13 10 3 11 18 22 23 25 26 24 

2 6 12 13 5 8 9 15 10 3 11 1 4 14 7 

1 2 3 4 5 6 7 8 9 10 

1 2 3 4 5 6 7 8 9 10 11 12 13 14 15 16 18 19 17 20 21 22 23 

1 2 4 6 7 8 9 12 5 11 13 3 10 

1 2 3 4 5 6 7 

3 4 5 6 8 9 10 1 11 7 2 

4 5 8 11 7 16 17 22 26 1 12 23 25 9 2 3 10 24 6 15 14 19 18 20 21 13 

5 7 10 6 16 17 19 20 21 22 23 24 9 15 8 11 1 12 13 14 3 4 2 18 

1 5 6 7 13 16 8 2 9 3 4 11 10 14 12 15 

1 2 3 4 5 6 7 9 10 11 12 13 15 16 8 17 18 19 20 22 21 14 23 25 24 26 27 

6 7 1 2 3 4 8 5 

1 4 5 6 7 12 8 13 14 15 16 9 11 3 10 2 

1 2 4 5 6 7 9 11 12 13 14 15 16 17 18 19 20 10 3 8 21 

1 2 3 4 5 6 7 8 

1 2 3 4 5 6 7 8 9 10 11 12 13 14 15 16 17 18 19 20 21 22 23 24 25 26 27 28 

1 2 3 4 5 6 7 10 12 13 14 15 16 17 18 19 20 21 22 9 23 25 8 24 11 

3 4 7 11 12 13 2 14 6 8 8 9 1 10 4 15 5 17 18 16 

1 2 3 4 5 6 7 8 9 10 11 12 13 14 15 16 17 18 19 20 21 22 23 24 25 26 27 28 29 

1 2 3 4 

1 2 3 4 5 6 7 8 13 14 16 19 20 22 23 24 26 11 10 18 9 12 15 17 21 25 

4 5 6 7 9 11 12 1 8 13 2 14 3 10 15 

1 2 4 5 6 7 8 9 10 11 12 3 

1 4 6 7 12 13 14 3 10 15 9 2 8 11 5 

1 5 6 12 13 15 20 22 9 2 14 11 19 4 23 17 10 3 8 24 7 26 27 16 18 21 25 

2 6 7 1 8 15 17 13 16 3 4 5 10 9 12 14 18 19 11 

1 2 4 5 6 7 8 9 11 12 13 14 15 16 17 19 3 18 10 

1 2 3 4 5 6 7 8 9 10 11 12 13 14 15 16 17 18 19 20 21 

1 2 5 6 7 8 9 10 11 12 13 14 15 16 18 20 21 22 23 4 24 25 26 27 29 19 3 17 28 

1 2 3 4 5 6 7 8 9 

4 5 9 12 13 14 18 19 26 27 1 28 6 3 11 7 2 17 21 16 8 10 20 23 15 22 24 25 

1 2 3 4 5 6 7 8 9 10 11 12 13 14 15 16 17 18 19 20 21 22 23 24 25 26 27 

1 2 3 4 5 6 7 8 9 10 11 12 13 14 15 

1 2 4 5 6 7 8 9 11 3 12 13 10 14 

4 7 20 21 22 27 8 26 2 19 14 6 17 11 29 23 16 1 9 12 10 5 13 15 3 24 25 18 28 

1 2 3 4 6 7 8 9 10 11 5 12 

1 2 3 4 5 6 7 8 9 10 11 12 13 14 15 16 17 

1 2 4 3 

1 2 4 5 6 7 8 3 

1 2 3 5 6 7 8 9 10 11 12 14 13 15 4 16 

2 4 6 7 10 11 12 15 1 16 17 19 20 21 23 13 3 9 14 8 5 22 18 

1 2 3 4 7 5 8 9 11 10 6 12 

1 2 3 4 5 6 7 8 9 10 11 12 13 14 15 16 18 19 20 21 22 23 25 26 27 28 17 29 24 

1 2 3 4 5 6 7 8 9 10 11 12 13 14 15 16 17 18 19 20 21 22 23 24 25 26 

1 2 3 4 5 6 7 8 9 10 11 12 13 14 15 16 17 18 19 20 21 22 23 

1 2 4 5 6 7 8 9 10 11 12 14 15 16 18 19 20 21 3 22 23 26 27 28 17 13 29 24 25 

1 2 3 4 5 6 7 8 9 10 11 12 13 14 15 16 17 18 19 20 21 22 

1 2 3 4 5 6 7 9 11 12 13 15 16 17 18 19 10 8 14 20 

1 2 3 4 5 6 7 8 9 10 11 12 13 14 

7 15 16 17 18 19 1 9 2 13 10 6 11 5 4 8 12 3 13 14 

1 2 3 4 5 6 7 8 9 10 11 12 13 14 15 16 17 18 19 20 21 22 23 24 25 26 27 

1 2 3 5 6 7 8 9 11 12 13 14 15 16 17 18 19 20 4 10 

1 2 3 4 5 6 7 8 9 10 11 12 13 14 15 16 17 18 19 20 21 22 23 24 25 26 

1 2 3 4 5 6 7 8 9 10 11 

1 2 3 4 5 6 7 8 9 

2 4 5 6 7 1 3 8 9 10 11 12 13 14 15 

1 2 3 4 5 6 7 8 9 10 11 12 13 14 

1 2 3 4 5 6 7 8 9 10 11 12 13 14 15 16 17 18 

1 2 3 4 5 6 7 8 9 10 11 12 13 14 15 16 17 18 19 20 

1 2 3 4 5 6 7 

1 2 3 4 5 6 7 8 9 10 11 12 13 14 15 16 17 18 19 20 21 22 23 24 25 26 

1 2 3 4 5 7 10 11 12 13 14 15 16 17 18 19 21 22 6 8 24 9 23 25 20 

2 5 6 11 13 14 4 7 10 8 1 9 12 3 

1 2 3 4 5 6 7 8 9 10 11 12 13 14 15 16 17 

1 2 3 4 5 6 

1 2 3 4 5 6 7 8 9 10 11 12 13 14 15 16 17 18 19 20 21 22 23 24 25 26 27 28 29 

7 15 16 17 1 9 2 13 10 6 11 5 4 8 12 3 13 14 

1 2 3 4 5 6 7 8 9 10 

1 2 3 4 5 6 7 8 9 10 11 12 13 14 15 16 18 19 20 17 21 22 23 24 25 26 27 28 

1 2 3 4 5 6 7 8 9 10 11 12 13 14 15 16 17 18 19 20 21 22 23 24 25 26 27 

23 4 1 14 19 9 6 3 17 8 11 7 12 2 20 10 18 22 5 16 15 21 13 

