3 9 13 15 26 27 18 33 7 40 44 51 2 36 54 4 35 38 21 41 19 56 59 10 34 55 32 37 17 29 16 11 1 6 24 30 39 46 48 12 14 5 20 52 53 25 28 57 60 8 31 47 23 43 45 22 49 50 58 42

100 99 98 97 96 95 94 93 92 91 90 89 88 87 86 85 84 83 82 81 80 79 78 77 76 75 74 73 72 71 70 69 68 67 66 65 64 63 62 61 60 59 58 57 56 55 54 53 52 51 50 49 48 47 46 45 44 43 42 41 40 39 38 37 36 35 34 33 32 31 30 29 28 27 26 25 24 23 22 21 20 19 18 17 16 15 14 13 12 11 10 9 8 7 6 5 4 3 2 1

1 14 18 20 21 6 22 23 24 25 26 27 28 3 29 30 31 32 33 34 35 36 37 38 15 39 40 41 42 43 44 45 46 47 48 49 19 50 51 52 53 54 55 5 56 57 58 59 8 60 61 62 63 64 65 66 67 4 2 68 9 16 69 70 71 72 73 10 74 11 7 17 12 75 13 76 77

41 8 3 33 78 95 30 45 18 58 4 51 62 2 36 44 80 92 40 38 15 22 23 53 77 82 85 96 89 12 48 5 94 55 52 24 84 39 9 32 50 72 29 73 42 86 46 56 17 60 59 66 79 26 11 76 28 49 21 10 7 47 83 63 35 37 90 61 25 69 16 54 68 81 57 19 6 91 97 14 64 31 88 98 43 1 67 34 65 74 20 70 87 71 13 27 75 93

1 37 38 39 40 20 41 26 42 43 44 35 29 45 46 47 34 48 49 50 51 52 53 54 4 25 55 21 24 27 56 36 57 58 30 3 13 32 23 59 31 33 10 19 5 18 8 22 6 11 15 2 28 14 7 16 17 12 9

1 35 36 37 31 38 39 40 41 23 42 43 34 33 32 44 29 12 25 24 26 19 9 30 22 28 17 27 11 20 14 15 5 16 21 8 18 2 45 7 13 10 3 4 6

28 40 55 74 75 79 15 80 39 81 52 27 72 6 3 85 25 34 48 57 67 8 4 21 53 76 31 69 23 43 7 16 42 82 65 24 63 14 19 17 32 71 2 36 22 78 45 49 26 5 35 51 54 29 11 59 61 38 1 46 73 60 84 18 58 83 33 13 44 30 47 10 12 37 50 62 56 20 77 68 9 66 70 64 41

2 30 66 11 44 67 73 59 39 63 34 7 55 79 5 86 10 6 8 13 16 14 37 52 68 15 64 51 74 77 84 38 92 89 3 65 4 22 48 83 28 53 85 95 1 40 54 32 24 41 69 25 70 71 43 76 57 58 47 94 75 18 27 49 50 82 9 26 93 33 20 87 61 17 36 78 88 12 90 31 72 21 42 45 60 19 62 81 91 46 56 23 35 29 80

5 34 62 63 45 23 61 1 2 53 50 15 17 65 69 64 46 57 31 68 70 48 16 25 35 14 19 27 36 37 42 26 59 73 58 3 12 38 8 9 41 51 49 22 66 7 28 67 55 32 54 52 40 21 71 4 47 60 18 43 13 29 11 24 33 72 10 30 6 20 39 44 56

69 70 25 71 72 73 74 62 75 23 41 60 76 20 57 43 77 64 54 55 78 56 79 80 68 65 67 33 66 63 61 59 44 42 40 49 48 47 27 50 18 38 34 28 14 53 4 45 35 46 29 3 5 30 10 58 37 15 39 21 52 19 51 24 8 26 11 17 1 31 22 7 13 32 6 9 12 16 2 36

1 2 3 4 38 39 40 41 31 42 43 44 45 22 46 47 36 48 49 23 50 51 52 53 54 55 56 57 58 59 60 61 62 63 64 65 8 29 66 67 68 69 70 71 72 73 74 75 76 77 78 79 80 81 27 82 37 10 28 24 83 84 30 85 34 33 17 25 32 35 20 11 13 21 9 18 19 15 16 5 14 7 26 12 6

2 4 5 6 7 8 9 11 12 13 14 15 16 17 18 22 23 24 25 26 27 28 29 30 31 32 33 34 35 37 38 39 40 41 42 43 44 45 46 47 48 50 51 52 53 54 55 56 57 58 10 59 60 61 62 65 66 67 68 19 64 69 70 71 72 73 74 75 76 77 78 79 80 81 82 83 21 36 63 84 85 86 3 1 49 87 20 88 89

1 2 3 4 5 6 7 8 9 10 11 12 13 14 15 16 17 19 21 22 23 24 25 26 27 28 29 30 32 33 34 35 36 37 38 39 20 40 41 43 44 45 42 46 47 48 18 49 50 51 52 31 53 54 55 56

1 2 3 4 5 6 7 8 9 10 11 12 13 14 15 16 17 18 19 20 21 22 23 24 25 26 27 29 30 31 32 34 35 36 38 40 41 42 43 44 45 46 47 28 33 48 49 50 51 52 53 54 55 56 58 59 60 62 63 64 65 66 67 68 69 70 71 72 73 74 75 37 76 77 61 78 39 57 79

1 2 3 6 8 9 10 12 13 14 15 16 17 18 19 20 21 22 23 24 11 25 4 7 26 5 27 28 29

1 2 3 4 5 6 7 8 9 10 11 12 13 14 16 18 19 20 21 22 23 24 25 26 27 28 30 31 32 33 34 35 36 37 38 39 40 42 43 44 45 46 47 49 51 52 53 54 55 56 57 58 59 61 62 63 64 65 66 67 69 15 17 70 71 72 48 73 74 75 76 77 78 79 80 81 82 68 83 84 85 86 87 88 89 60 90 91 92 93 41 29 94 96 97 95 50 98

3 9 13 15 26 27 18 33 7 40 44 51 2 36 54 4 35 38 21 41 19 56 59 10 34 55 32 37 17 29 16 11 1 6 24 30 39 46 48 12 14 5 20 52 53 25 28 57 60 8 31 47 23 43 45 22 49 50 58 42

1 2 3 4 5 6 7 8 9 10 11 12 13 14 15 16 17 18 19 20 21 22 23 24 25 26 27 28 29 30 31 32 33 34 35 36 37 38 39 40 41 42 43 44 45 46 47 48

1 2 3 4 5 6 7 8 9 10 11 12 13 14 15 16 17 18 19 20 21 22 23 24 25 26 27 28 29 30 31 32 33 34 35 36 37 38 39 40 41 42 43 44 45 46 47 48 49 50 51 52 53 54 55 56 57 58 59 60 61 62 63 64 65 66 67 68

1 2 3 4 5 6 7

1 2 3 4 5 6 7 8 9 10 11 12 13 14 15 16 17 18 19 20 21 22 23 24 25 26 27 28 29 30 31 32 33 34 35 36 37 38 39 40 41 42 43 44 45 46 47 48 49 50 51 52 53 54 55 56 57 58 59 60 61 62 63 64 65 66 67 68 69 70 71 72 73 74 75 76 77 78 79 80 81 82 83 84 85 86
