48 49 50 51 52 53 54 17 55 56 57 58 9 59 60 61 62 63 64 65 66 67 68 69 70 71 72 73 74 75 76 77 78 79 80 81 46 82 83 84 43 26 85 86 34 36 87 88 45 35 19 13 89 24 30 40 7 90 22 18 41 23 44 4 16 3 91 38 42 20 25 14 92 32 93 37 47 29 27 94 28 15 21 39 33 5 11 2 12 10 8 31 6 1

8 4 9 10 11 12 13 14 3 15 16 17 18 19 20 21 22 23 24 25 26 27 28 29 30 31 32 33 34 35 36 37 38 5 39 40 41 42 43 44 45 2 46 47 48 49 1 50 51 7 52 6 53 54

1 2 3 4 5 6 7 8 9 10 11 12 13 14 15 16 17 18 19 20 21 22 23 24 25 26 27 28 29 30 31 32 33 34 35 36 37 38 39 40 41 42 43 44 45 46 47 48 49 50 51 52 53 54 55 56 57 58 59 60 61 62 63 64 65 66 67 68 69 70 71 72 73 74 75 76 77 78 79 80 81 82 83 84 85 86 87 88 89 90 91 92 93 94 95 96 97 98 99 100

1 17 18 19 11 20 21 22 23 24 25 26 27 28 29 30 31 32 33 34 35 36 37 38 39 4 40 41 42 43 44 9 45 15 16 46 47 48 13 49 50 7 51 52 5 14 53 12 10 2 3 8 6

2 3 4 5 6 7 8 9 10 11 12 13 14 15 16 17 18 19 20 21 22 23 24 25 26 27 28 29 1 30

1 6 7 8 2 5 4 3

3 2 1

1

1 5 3 2 4

1 5 3 2 4

1 2 3 4 5

1 3 5 7 9 11 13 15 17 19 21 23 25 27 29 31 33 35 37 39 41 43 45 47 49 51 53 55 57 59 61 63 65 67 69 71 73 75 77 79 81 83 85 87 89 91 93 95 97 99 98 96 94 92 90 88 86 84 82 80 78 76 74 72 70 68 66 64 62 60 58 56 54 52 50 48 46 44 42 40 38 36 34 32 30 28 26 24 22 20 18 16 14 12 10 8 6 4 2 100

1 48 49 50 27 51 52 53 54 39 55 56 35 57 58 6 59 60 61 10 62 63 19 64 42 46 47 45 22 44 38 40 43 29 41 31 36 4 12 32 30 21 14 37 33 8 17 16 34 28 11 24 20 15 25 13 18 2 5 23 26 9 3 7

1 6 7 5 8 9 10 11 12 13 14 15 16 17 18 4 3 19 2

1 60 61 62 63 64 65 66 67 68 69 70 71 59 72 73 74 37 36 75 76 77 57 78 38 49 40 20 55 79 32 80 35 44 56 81 82 53 4 42 58 7 54 52 51 45 43 33 16 31 25 12 46 23 27 22 2 34 17 15 50 48 24 29 39 8 18 21 5 11 19 47 28 30 26 41 14 13 6 9 3 10

1 16 17 18 19 15 20 21 22 23 24 25 12 26 27 28 29 30 31 9 13 3 32 33 34 35 6 11 8 36 5 10 2 7 4 14 37

1 63 64 65 66 67 68 69 70 71 72 73 74 75 76 77 78 79 80 81 82 83 84 85 86 33 87 88 41 89 90 91 92 12 46 58 35 93 94 95 56 10 29 59 60 52 47 55 61 53 51 43 62 48 57 44 38 37 20 26 25 42 50 28 54 40 19 27 24 96 15 5 34 22 8 23 16 49 45 2 32 9 30 7 31 13 6 14 17 21 3 36 39 18 11 4

1 15 16 17 18 19 20 21 22 23 24 13 25 12 10 9 11 8 4 14 7 6 2 5 3

1 22 23 24 25 26 27 28 29 30 31 21 32 33 34 20 3 14 35 36 37 17 38 39 18 13 40 10 8 12 16 15 7 19 6 2 11 9 5 41 4

1 7 8 9 10 11 12 13 14 6 5 15 4 3 16 17 18 2

1 64 65 66 67 41 60 68 69 70 71 72 73 74 75 51 61 36 76 59 77 53 47 57 63 52 58 33 39 48 56 32 55 49 18 9 23 62 27 16 25 14 40 50 12 45 43 28 24 26 42 30 37 4 19 35 31 3 29 46 44 22 38 34 8 15 5 20 17 13 7 54 10 11 6 21 2

1 43 44 45 46 30 47 48 25 49 50 51 52 53 54 55 56 5 57 58 59 60 61 62 63 16 6 64 65 66 67 68 69 37 41 70 71 35 72 31 18 23 39 38 32 33 15 42 28 73 34 24 26 13 21 7 8 74 19 12 36 4 20 40 3 9 2 29 11 22 10 17 14 27

1 11 12 13 14 15 16 17 18 9 19 10 7 8 5 2 6 3 4

63 64 38 4 65 66 67 50 58 60 55 61 68 69 70 18 57 71 72 49 32 62 73 74 51 27 75 44 76 48 42 14 35 28 45 59 11 77 54 9 40 23 34 46 1 10 39 30 43 47 22 20 52 29 41 33 56 36 21 5 26 37 15 31 6 13 25 2 3 19 16 7 24 8 53 17 12

41 42 3 43 44 35 45 46 47 26 48 49 50 51 52 53 17 54 19 40 55 56 57 58 59 15 11 60 30 61 14 62 63 31 39 64 34 23 36 65 37 28 24 6 29 38 9 5 22 16 32 4 8 2 33 13 20 25 18 21 27 7 12 1 10

4 1 5 6 7 8 9 10 11 3 12 13 14 15 16 17 18 19 20 21 2

29 30 31 32 33 34 35 36 37 38 39 40 41 42 43 44 45 46 47 48 49 50 51 52 53 54 55 56 27 57 58 23 59 26 60 16 61 5 62 63 25 64 20 12 11 17 24 18 6 65 66 13 8 22 19 3 14 21 10 7 9 15 67 28 4 1 2

69 70 25 71 72 73 74 62 75 23 41 60 76 20 57 43 77 64 54 55 78 56 79 80 68 65 67 33 66 63 61 59 44 42 40 49 48 47 27 50 18 38 34 28 14 53 4 45 35 46 29 3 5 30 10 58 37 15 39 21 52 19 51 24 8 26 11 17 1 31 22 7 13 32 6 9 12 16 2 36

1 2 3 4 38 39 40 41 31 42 43 44 45 22 46 47 36 48 49 23 50 51 52 53 54 55 56 57 58 59 60 61 62 63 64 65 8 29 66 67 68 69 70 71 72 73 74 75 76 77 78 79 80 81 27 82 37 10 28 24 83 84 30 85 34 33 17 25 32 35 20 11 13 21 9 18 19 15 16 5 14 7 26 12 6

1 21 22 23 24 25 26 27 28 29 30 31 7 32 33 34 35 36 37 17 18 38 39 40 41 5 2 42 43 44 45 16 8 46 20 10 14 11 15 47 6 13 12 3 19 9 4

1 35 36 37 38 39 40 41 42 43 10 44 45 46 47 23 32 48 49 50 34 51 52 31 19 53 18 13 30 17 24 54 27 9 28 55 29 21 22 26 25 33 20 6 12 5 2 3 16 15 7 14 8 11 4

1 37 38 39 40 20 41 26 42 43 44 35 29 45 46 47 34 48 49 50 51 52 53 54 4 25 55 21 24 27 56 36 57 58 30 3 13 32 23 59 31 33 10 19 5 18 8 22 6 11 15 2 28 14 7 16 17 12 9

1 35 36 37 31 38 39 40 41 23 42 43 34 33 32 44 29 12 25 24 26 19 9 30 22 28 17 27 11 20 14 15 5 16 21 8 18 2 45 7 13 10 3 4 6

1 23 24 25 26 27 28 29 30 31 32 33 34 35 36 37 38 39 40 41 42 43 44 45 46 47 48 49 50 51 52 53 54 55 56 57 15 19 58 59 60 61 62 63 7 64 65 66 67 68 69 70 10 71 17 72 73 74 75 76 77 78 79 22 8 80 81 82 83 84 14 6 20 12 85 86 11 4 21 87 3 18 2 5 16 9 13

1 11 12 13 14 15 16 17 18 19 20 21 22 23 24 25 26 27 28 29 30 31 32 33 34 35 36 37 38 39 40 41 42 43 44 45 46 47 48 49 50 51 52 53 54 55 56 57 9 58 59 60 61 7 62 63 64 2 8 65 66 67 68 69 70 3 5 71 10 72 73 74 75 76 77 78 79 80 81 82 83 84 85 86 87 88 89 4 90 91 92 6

1 13 14 15 16 17 8 18 19 20 21 22 23 24 25 26 27 28 29 30 31 32 33 34 35 36 37 38 39 10 40 12 41 42 43 9 44 45 4 46 11 47 48 49 50 3 5 51 6 7 2