1 5 3 2 4

1 2 3 4 5 6 7 8 9 10 11 12 13 14 15 16 17 18 19 20 21 22 23 24 25 26 27 28 29 30 31 32

1 10 11 12 2 6 3 7 13 8 9 4 5 14

1 6 7 8 9 10 11 2 12 3 13 14 15 16 17 5 18 19 20 21 22 23 24 25 26 27 28 29 30 31 32 33 34 4 35 36 37 38 39 40 41 42 43 44 45 46 47 48 49 50 51 52 53 54 55 56 57 58 59 60 61 62 63 64 65 66 67 68 69 70 71

1 3 4 5 6 7 8 9 10 11 12 13 14 15 16 17 2 18 19 20 21 22 23 24 25 26 27 28 29 30 31 32 33 34 35 36 37 38 39 40 41 42 43 44 45 46 47 48 49 50 51 52 53 54 55 56 57 58 59 60 61 62 63 64 65 66 67 68 69 70 71 72 73 74 75 76 77 78 79 80 81 82 83 84 85 86

1 2 3

1 2 7 8 9 3 5 10 11 12 4 6 13 14

1 4 5 6 7 3 2 8

1 2 3 4 5 6 7 8 9 10 11 12 13 14 15 16 17

7 4 5 8 1 2 3 10 6 9

7 8 2 1 4 3 6 9 5 10 11 12

1 3 2 4 5 6

10 5 2 6 7 8 1 9 3 4 11

3 4 2 6 5 1

6 9 1 2 5 7 11 13 3 8 10 12 4

14 1 3 2 4 5 9 11 10 6 12 7 8 13

3 4 2 7 8 6 1 5 9

6 12 11 3 8 9 13 14 2 4 5 1 7 10

3 1 2

4 2 3 1

10 4 9 6 5 3 2 8 7 1 11

3 1 2

7 3 1 4 2 5 6

8 7 1 2 3 4 5 6

7 3 8 6 4 5 2 10 1 9

2 1 5 3 4

5 6 3 1 8 9 10 7 4 2

1 5 3 2 4

1 3 4 5 2

1 4 2 3 5 6 7 8

1 43 44 45 46 30 47 48 25 49 50 51 52 53 54 55 56 5 57 58 59 60 61 62 63 16 6 64 65 66 67 68 69 37 41 70 71 35 72 31 18 23 39 38 32 33 15 42 28 73 34 24 26 13 21 7 8 74 19 12 36 4 20 40 3 9 2 29 11 22 10 17 14 27

1 11 12 13 14 15 16 17 18 9 19 10 7 8 5 2 6 3 4

63 64 38 4 65 66 67 50 58 60 55 61 68 69 70 18 57 71 72 49 32 62 73 74 51 27 75 44 76 48 42 14 35 28 45 59 11 77 54 9 40 23 34 46 1 10 39 30 43 47 22 20 52 29 41 33 56 36 21 5 26 37 15 31 6 13 25 2 3 19 16 7 24 8 53 17 12

1 18 19 20 21 22 23 24 25 26 27 28 29 30 31 32 33 2 14 34 17 35 36 37 38 39 40 41 42 43 44 45 46 47 5 48 7 49 50 51 52 3 53 54 6 4 15 55 56 8 9 10 12 13 11 16 57 58

4 1 5 6 7 8 9 10 11 3 12 13 14 15 16 17 18 19 20 21 2

29 30 31 32 33 34 35 36 37 38 39 40 41 42 43 44 45 46 47 48 49 50 51 52 53 54 55 56 27 57 58 23 59 26 60 16 61 5 62 63 25 64 20 12 11 17 24 18 6 65 66 13 8 22 19 3 14 21 10 7 9 15 67 28 4 1 2

11 5 10 8 7 1 4 2 9 6 3

11 19 4 14 13 6 15 5 1 7 8 17 2 10 12 3 16 18 9

1 23 24 25 26 27 28 29 30 31 32 33 34 35 36 37 38 39 40 41 42 43 44 45 46 47 48 49 50 51 52 53 54 55 56 57 15 19 58 59 60 61 62 63 7 64 65 66 67 68 69 70 10 71 17 72 73 74 75 76 77 78 79 22 8 80 81 82 83 84 14 6 20 12 85 86 11 4 21 87 3 18 2 5 16 9 13

6 2 1 4 5 7 3

1 2 45 46 47 48 49 37 50 51 34 52 53 32 54 43 19 44 41 40 42 55 35 33 14 11 12 39 20 38 30 5 36 31 18 25 28 22 7 23 29 6 24 10 21 15 9 8 3 4 27 17 13 26 16

13 1 7 8 2 10 11 5 6 3 4 12 14 9

8 3 5 10 6 11 12 2 14 7 1 15 4 9 13

5 8 2 3 6 7 1 4 9

3 2 6 1 5 7 4 8

3 11 12 6 1 10 4 9 13 8 7 2 5 14

11 3 5 7 8 1 10 6 2 4 9

1 2

1 3 4 5 6 7 8 2 9

6 3 2 4 5 7 1 8

4 2 1 3

3 2 1

7 5 1 3 6 2 4 8 9

3 1 2

1 3 2 5 6 4

1 2

14 4 8 9 12 11 13 7 2 1 3 15 6 5 10

8 3 12 1 6 4 2 7 10 11 13 5 9 14

4 1 2 5 3 6

4 1 2 3 5

3 1 2

3 7 4 1 2 6 5

5 6 2 4 8 7 1 12 11 13 10 14 15 3 9

1 2 4 5 6 7 9 10 16 18 17 19 8 11 14 15 20 3 12 13 21 22

1 2 6 9 7 10 5 8 11 3 4 12

2 5 13 17 15 7 19 14 6 20 8 16 10 12 9 4 18 1 3 11

1 2 3 5 6 7 8 11 12 14 16 17 18 19 21 20 10 13 9 15 4

1 2 4 5 6 7 8 9 11 12 13 14 15 10 16 3

2 4 6 8 9 10 12 13 14 3 15 16 1 17 19 18 20 21 11 7 5

6 9 11 16 22 44 50 51 27 31 32 41 4 53 42 43 38 34 45 24 33 46 8 20 49 39 1 35 36 40 2 3 19 21 26 29 18 25 28 30 37 14 47 17 48 52 12 13 15 5 7 10 23

2 8 12 13 17 18 19 21 24 27 28 38 40 41 43 49 51 52 35 57 58 59 60 62 64 68 75 81 82 84 92 93 94 11 10 63 74 80 22 66 78 25 47 55 46 56 37 77 91 95 16 87 61 72 54 86 29 3 39 89 69 9 20 71 34 26 79 36 32 44 33 5 45 15 48 53 70 1 67 4 85 31 50 42 6 73 83 65 90 14 7 88 76 23 30

1 2 3 4 6 7 9 10 11 13 14 15 16 17 18 19 20 21 22 23 24 25 26 27 28 29 30 31 32 33 35 36 37 38 39 41 42 43 44 46 48 49 50 51 52 53 54 55 56 57 59 61 62 63 64 65 67 68 69 70 60 71 72 73 74 75 66 5 76 77 78 79 80 81 8 82 83 40 84 45 34 58 47 85 86 87 88 12 89 90 91

1 2 3 4 5 7 8 9 10 11 12 13 14 15 17 18 19 20 21 23 25 26 27 28 29 30 31 32 33 34 35 36 37 39 40 41 42 43 44 45 46 47 48 6 49 50 38 22 24 16 51 52

2 3 4 5 6 7 8 9 10 11 12 13 14 15 16 17 18 19 20 21 22 23 24 25 26 27 29 30 31 32 33 34 35 36 37 38 39 40 41 42 43 44 45 46 47 48 49 50 52 53 54 57 58 59 60 61 62 63 64 65 28 66 67 68 69 70 71 72 73 74 75 76 77 78 79 80 81 82 83 84 85 86 87 51 88 90 91 92 93 56 94 95 55 96 1 89 97

1 2 3 4 5 6 7 8 9 10 11 12 13 14 15 16 18 19 20 21 22 23 24 25 26 27 29 30 31 33 34 35 36 37 38 39 40 41 43 44 45 47 48 49 50 51 52 53 56 57 58 28 32 42 55 17 59 60 61 62 63 64 65 66 67 68 69 46 71 72 73 74 54 70 75

1 2 3 4 5 6 7 8 10 11 12 13 14 17 21 22 23 24 25 28 29 30 31 34 36 37 38 39 40 41 42 43 45 19 26 16 33 46 47 18 48 50 52 9 54 51 32 53 15 49 55 56 57 58 59 27 20 44 35 60

1 2 5 6 8 9 11 12 13 14 15 7 10 16 17 18 19 4 3 20 21

1 3 4 5 6 8 10 11 13 14 15 17 18 19 20 21 22 23 24 25 26 27 28 30 32 33 34 35 36 37 38 39 40 41 42 43 44 45 46 47 48 49 50 52 53 54 56 57 58 9 51 59 60 7 12 2 16 29 31 55 61 62

1 2 3 4 5 6 7 8 9 10 12 13 14 15 17 18 19 20 21 22 23 24 25 26 27 29 31 32 33 34 35 36 37 38 39 41 16 42 44 45 46 47 48 50 51 52 53 55 56 57 58 59 60 61 62 63 64 68 69 70 72 73 74 75 76 77 80 81 82 86 83 66 28 30 49 71 11 40 67 79 85 65 78 87 43 88 89 90 91 92 93 84 54 94
