1 2 3 4 5 6 9 12 13 14 15 16 19 21 22 26 28 29 30 7 31 35 36 37 10 18 17 38 39 40 33 25 11 27 23 32 34 8 20 24 

5 11 18 23 27 30 35 36 46 48 55 8 60 63 64 65 72 73 31 9 20 13 61 1 4 28 74 24 42 7 16 49 10 44 67 57 56 51 41 6 19 38 47 66 50 69 62 70 22 52 21 12 26 2 45 29 37 71 3 33 40 75 17 34 43 54 32 58 53 68 14 59 39 15 25

1 2 4 5 6 7 10 11 17 19 21 22 23 24 25 26 30 31 33 35 36 37 38 39 40 42 43 44 45 48 49 50 52 53 54 56 58 59 61 62 63 29 64 66 67 69 71 72 73 78 12 55 79 81 82 84 51 85 27 13 20 34 3 46 57 9 18 60 65 70 75 8 15 28 32 41 47 16 68 76 80 14 83 77 74 

1 3 4 7 9 12 21 23 27 29 32 33 34 45 48 50 25 30 54 63 61 64 2 65 66 47 68 69 17 18 70 35 77 11 36 56 78 42 79 14 15 31 37 41 43 52 59 71 22 28 81 5 24 16 19 39 40 62 73 74 10 13 20 38 46 58 6 8 26 44 49 51 53 55 57 60 67 72 75 76 80 

1 2 4 5 7 8 9 10 11 12 14 17 19 20 22 25 26 27 28 29 30 32 3 13 33 34 35 36 37 38 18 24 6 16 21 23 31 15 

48 49 50 51 52 53 54 17 55 56 57 58 9 59 60 61 62 63 64 65 66 67 68 69 70 71 72 73 74 75 76 77 78 79 80 81 46 82 83 84 43 26 85 86 34 36 87 88 45 35 19 13 89 24 30 40 7 90 22 18 41 23 44 4 16 3 91 38 42 20 25 14 92 32 93 37 47 29 27 94 28 15 21 39 33 5 11 2 12 10 8 31 6 1 

1 35 36 37 31 38 39 40 41 23 42 43 34 33 32 44 29 12 25 24 26 19 9 30 22 28 17 27 11 20 14 15 5 16 21 8 18 2 45 7 13 10 3 4 6 

3 29 9 12 24 26 31 40 4 5 13 18 25 37 41 46 14 44 10 15 17 2 8 21 30 34 6 39 20 1 7 33 35 36 45 19 23 27 11 28 16 43 42 32 22 38 

27 28 35 11 14 10 15 33 8 36 3 20 42 12 19 25 32 37 4 16 17 22 39 43 1 31 9 41 29 34 38 23 18 30 26 13 6 40 7 21 2 5 24 

100 99 98 97 96 95 94 93 92 91 90 89 88 87 86 85 84 83 82 81 80 79 78 77 76 75 74 73 72 71 70 69 68 67 66 65 64 63 62 61 60 59 58 57 56 55 54 53 52 51 50 49 48 47 46 45 44 43 42 41 40 39 38 37 36 35 34 33 32 31 30 29 28 27 26 25 24 23 22 21 20 19 18 17 16 15 14 13 12 11 10 9 8 7 6 5 4 3 2 1 

1 3 8 9 10 12 14 15 19 20 21 22 25 27 28 29 30 31 32 33 35 37 38 39 40 44 45 47 48 49 52 53 0 55 56 59 60 61 62 63 64 65 66 68 69 70 71 72 73 74 51 77 78 79 81 82 34 84 84 1 273 1 84 145 82 84 84 66 49 40 35 15 53 50 49 48 46 45 67 41 40 39 38 36 

1 3 8 9 10 12 14 15 19 20 21 22 25 27 28 29 30 31 32 33 35 37 38 39 40 44 45 47 48 49 52 53 0 55 56 59 60 61 62 63 64 65 66 68 69 70 71 72 73 74 51 77 78 79 81 82 34 84 84 1 273 1 84 145 82 84 84 66 49 40 35 15 53 50 49 48 46 45 67 41 40 39 38 36 

11 3 5 4 16 25 8 22 2 15 17 12 18 20 6 7 23 10 19 26 9 14 21 1 13 24 

1 7 24 12 18 17 2 19 8 25 23 5 3 21 15 11 9 6 14 22 20 10 28 13 4 27 16 26 

1 2 3 4 5 6 7 8 9 10 11 12 13 14 15 16 17 18 19 20 21 22 23 24 25 26 27 28 29 30 31 32 33 34 35 36 37 38 39 40 41 42 43 44 45 46 47 48 49 50 51 52 53 54 55 56 57 58 59 60 61 62 63 64 65 66 67 68 69 70 71 72 73 74 75 76 77 78 79 80 81 82 83 84 85 86 87 88 89 90 91 92 93 94 

37 14 9 7 46 38 1 3 45 5 28 6 33 29 23 17 40 13 31 2 26 47 48 35 12 41 49 32 39 34 15 36 27 42 43 21 22 4 18 24 16 30 11 20 44 8 10 25 19 

95 94 93 92 91 90 89 88 87 86 85 84 83 82 81 80 79 78 77 76 75 74 73 72 71 70 69 68 67 66 65 64 63 62 61 60 59 58 57 56 55 54 53 52 51 50 49 48 47 46 45 44 43 42 41 40 39 38 37 36 35 34 33 32 31 30 29 28 27 26 25 24 23 22 21 20 19 18 17 16 15 14 13 12 11 10 9 8 7 6 5 4 3 2 1 99 98 97 96 100 

1 2 3 4 5 6 7 8 9 10 11 12 13 14 15 16 17 18 19 20 21 22 23 24 25 26 27 28 29 30 31 32 33 34 35 36 37 38 39 40 41 42 43 44 45 46 47 48 49 50 51 52 53 54 55 56 57 58 59 60 61 62 63 64 65 66 67 68 

28 40 55 74 75 79 15 80 39 81 52 27 72 6 3 85 25 34 48 57 67 8 4 21 53 76 31 69 23 43 7 16 42 82 65 24 63 14 19 17 32 71 2 36 22 78 45 49 26 5 35 51 54 29 11 59 61 38 1 46 73 60 84 18 58 83 33 13 44 30 47 10 12 37 50 62 56 20 77 68 9 66 70 64 41 

14 23 5 16 17 28 38 42 10 6 15 7 2 41 47 12 21 37 4 31 44 48 29 26 8 35 43 3 22 24 27 34 11 13 25 30 40 46 19 20 39 33 18 1 36 32 45 9 49 

1 33 34 35 36 37 38 63 64 65 66 67 68 69 70 71 72 73 74 75 76 20 77 78 79 80 81 82 83 84 85 86 87 88 41 89 90 91 92 12 46 58 93 94 95 56 10 29 59 26 60 52 25 47 55 61 53 51 43 62 48 57 44 42 22 50 28 54 8 40 19 27 24 23 16 96 15 5 49 45 2 32 9 30 7 31 13 6 14 17 21 3 39 18 11 4 

